The system is: Linux - 4.15.0-133-generic - x86_64
Compiling the C compiler identification source file "CMakeCCompilerId.c" succeeded.
Compiler: /usr/bin/cc 
Build flags: 
Id flags:  

The output was:
0


Compilation of the C compiler identification source "CMakeCCompilerId.c" produced "a.out"

The C compiler identification is GNU, found in "/home/yankai.yan/workbase/codeLib/refactor/build/CMakeFiles/3.19.3/CompilerIdC/a.out"

Compiling the CXX compiler identification source file "CMakeCXXCompilerId.cpp" succeeded.
Compiler: /usr/bin/c++ 
Build flags: 
Id flags:  

The output was:
0


Compilation of the CXX compiler identification source "CMakeCXXCompilerId.cpp" produced "a.out"

The CXX compiler identification is GNU, found in "/home/yankai.yan/workbase/codeLib/refactor/build/CMakeFiles/3.19.3/CompilerIdCXX/a.out"

Detecting C compiler ABI info compiled with the following output:
Change Dir: /home/yankai.yan/workbase/codeLib/refactor/build/CMakeFiles/CMakeTmp

Run Build Command(s):/usr/bin/make cmTC_20fde/fast && /usr/bin/make  -f CMakeFiles/cmTC_20fde.dir/build.make CMakeFiles/cmTC_20fde.dir/build
make[1]: Entering directory '/home/yankai.yan/workbase/codeLib/refactor/build/CMakeFiles/CMakeTmp'
Building C object CMakeFiles/cmTC_20fde.dir/CMakeCCompilerABI.c.o
/usr/bin/cc   -v -o CMakeFiles/cmTC_20fde.dir/CMakeCCompilerABI.c.o -c /usr/local/share/cmake-3.19/Modules/CMakeCCompilerABI.c
Using built-in specs.
COLLECT_GCC=/usr/bin/cc
Target: x86_64-linux-gnu
Configured with: ../src/configure -v --with-pkgversion='Ubuntu 5.4.0-6ubuntu1~16.04.12' --with-bugurl=file:///usr/share/doc/gcc-5/README.Bugs --enable-languages=c,ada,c++,java,go,d,fortran,objc,obj-c++ --prefix=/usr --program-suffix=-5 --enable-shared --enable-linker-build-id --libexecdir=/usr/lib --without-included-gettext --enable-threads=posix --libdir=/usr/lib --enable-nls --with-sysroot=/ --enable-clocale=gnu --enable-libstdcxx-debug --enable-libstdcxx-time=yes --with-default-libstdcxx-abi=new --enable-gnu-unique-object --disable-vtable-verify --enable-libmpx --enable-plugin --with-system-zlib --disable-browser-plugin --enable-java-awt=gtk --enable-gtk-cairo --with-java-home=/usr/lib/jvm/java-1.5.0-gcj-5-amd64/jre --enable-java-home --with-jvm-root-dir=/usr/lib/jvm/java-1.5.0-gcj-5-amd64 --with-jvm-jar-dir=/usr/lib/jvm-exports/java-1.5.0-gcj-5-amd64 --with-arch-directory=amd64 --with-ecj-jar=/usr/share/java/eclipse-ecj.jar --enable-objc-gc --enable-multiarch --disable-werror --with-arch-32=i686 --with-abi=m64 --with-multilib-list=m32,m64,mx32 --enable-multilib --with-tune=generic --enable-checking=release --build=x86_64-linux-gnu --host=x86_64-linux-gnu --target=x86_64-linux-gnu
Thread model: posix
gcc version 5.4.0 20160609 (Ubuntu 5.4.0-6ubuntu1~16.04.12) 
COLLECT_GCC_OPTIONS='-v' '-o' 'CMakeFiles/cmTC_20fde.dir/CMakeCCompilerABI.c.o' '-c' '-mtune=generic' '-march=x86-64'
 /usr/lib/gcc/x86_64-linux-gnu/5/cc1 -quiet -v -imultiarch x86_64-linux-gnu /usr/local/share/cmake-3.19/Modules/CMakeCCompilerABI.c -quiet -dumpbase CMakeCCompilerABI.c -mtune=generic -march=x86-64 -auxbase-strip CMakeFiles/cmTC_20fde.dir/CMakeCCompilerABI.c.o -version -fstack-protector-strong -Wformat -Wformat-security -o /tmp/ccEn83eT.s
GNU C11 (Ubuntu 5.4.0-6ubuntu1~16.04.12) version 5.4.0 20160609 (x86_64-linux-gnu)
	compiled by GNU C version 5.4.0 20160609, GMP version 6.1.0, MPFR version 3.1.4, MPC version 1.0.3
GGC heuristics: --param ggc-min-expand=100 --param ggc-min-heapsize=131072
ignoring nonexistent directory "/usr/local/include/x86_64-linux-gnu"
ignoring nonexistent directory "/usr/lib/gcc/x86_64-linux-gnu/5/../../../../x86_64-linux-gnu/include"
#include "..." search starts here:
#include <...> search starts here:
 /usr/lib/gcc/x86_64-linux-gnu/5/include
 /usr/local/include
 /usr/lib/gcc/x86_64-linux-gnu/5/include-fixed
 /usr/include/x86_64-linux-gnu
 /usr/include
End of search list.
GNU C11 (Ubuntu 5.4.0-6ubuntu1~16.04.12) version 5.4.0 20160609 (x86_64-linux-gnu)
	compiled by GNU C version 5.4.0 20160609, GMP version 6.1.0, MPFR version 3.1.4, MPC version 1.0.3
GGC heuristics: --param ggc-min-expand=100 --param ggc-min-heapsize=131072
Compiler executable checksum: 8087146d2ee737d238113fb57fabb1f2
COLLECT_GCC_OPTIONS='-v' '-o' 'CMakeFiles/cmTC_20fde.dir/CMakeCCompilerABI.c.o' '-c' '-mtune=generic' '-march=x86-64'
 as -v --64 -o CMakeFiles/cmTC_20fde.dir/CMakeCCompilerABI.c.o /tmp/ccEn83eT.s
GNU assembler version 2.26.1 (x86_64-linux-gnu) using BFD version (GNU Binutils for Ubuntu) 2.26.1
COMPILER_PATH=/usr/lib/gcc/x86_64-linux-gnu/5/:/usr/lib/gcc/x86_64-linux-gnu/5/:/usr/lib/gcc/x86_64-linux-gnu/:/usr/lib/gcc/x86_64-linux-gnu/5/:/usr/lib/gcc/x86_64-linux-gnu/
LIBRARY_PATH=/usr/lib/gcc/x86_64-linux-gnu/5/:/usr/lib/gcc/x86_64-linux-gnu/5/../../../x86_64-linux-gnu/:/usr/lib/gcc/x86_64-linux-gnu/5/../../../../lib/:/lib/x86_64-linux-gnu/:/lib/../lib/:/usr/lib/x86_64-linux-gnu/:/usr/lib/../lib/:/usr/lib/gcc/x86_64-linux-gnu/5/../../../:/lib/:/usr/lib/
COLLECT_GCC_OPTIONS='-v' '-o' 'CMakeFiles/cmTC_20fde.dir/CMakeCCompilerABI.c.o' '-c' '-mtune=generic' '-march=x86-64'
Linking C executable cmTC_20fde
/usr/local/bin/cmake -E cmake_link_script CMakeFiles/cmTC_20fde.dir/link.txt --verbose=1
/usr/bin/cc  -v CMakeFiles/cmTC_20fde.dir/CMakeCCompilerABI.c.o -o cmTC_20fde 
Using built-in specs.
COLLECT_GCC=/usr/bin/cc
COLLECT_LTO_WRAPPER=/usr/lib/gcc/x86_64-linux-gnu/5/lto-wrapper
Target: x86_64-linux-gnu
Configured with: ../src/configure -v --with-pkgversion='Ubuntu 5.4.0-6ubuntu1~16.04.12' --with-bugurl=file:///usr/share/doc/gcc-5/README.Bugs --enable-languages=c,ada,c++,java,go,d,fortran,objc,obj-c++ --prefix=/usr --program-suffix=-5 --enable-shared --enable-linker-build-id --libexecdir=/usr/lib --without-included-gettext --enable-threads=posix --libdir=/usr/lib --enable-nls --with-sysroot=/ --enable-clocale=gnu --enable-libstdcxx-debug --enable-libstdcxx-time=yes --with-default-libstdcxx-abi=new --enable-gnu-unique-object --disable-vtable-verify --enable-libmpx --enable-plugin --with-system-zlib --disable-browser-plugin --enable-java-awt=gtk --enable-gtk-cairo --with-java-home=/usr/lib/jvm/java-1.5.0-gcj-5-amd64/jre --enable-java-home --with-jvm-root-dir=/usr/lib/jvm/java-1.5.0-gcj-5-amd64 --with-jvm-jar-dir=/usr/lib/jvm-exports/java-1.5.0-gcj-5-amd64 --with-arch-directory=amd64 --with-ecj-jar=/usr/share/java/eclipse-ecj.jar --enable-objc-gc --enable-multiarch --disable-werror --with-arch-32=i686 --with-abi=m64 --with-multilib-list=m32,m64,mx32 --enable-multilib --with-tune=generic --enable-checking=release --build=x86_64-linux-gnu --host=x86_64-linux-gnu --target=x86_64-linux-gnu
Thread model: posix
gcc version 5.4.0 20160609 (Ubuntu 5.4.0-6ubuntu1~16.04.12) 
COMPILER_PATH=/usr/lib/gcc/x86_64-linux-gnu/5/:/usr/lib/gcc/x86_64-linux-gnu/5/:/usr/lib/gcc/x86_64-linux-gnu/:/usr/lib/gcc/x86_64-linux-gnu/5/:/usr/lib/gcc/x86_64-linux-gnu/
LIBRARY_PATH=/usr/lib/gcc/x86_64-linux-gnu/5/:/usr/lib/gcc/x86_64-linux-gnu/5/../../../x86_64-linux-gnu/:/usr/lib/gcc/x86_64-linux-gnu/5/../../../../lib/:/lib/x86_64-linux-gnu/:/lib/../lib/:/usr/lib/x86_64-linux-gnu/:/usr/lib/../lib/:/usr/lib/gcc/x86_64-linux-gnu/5/../../../:/lib/:/usr/lib/
COLLECT_GCC_OPTIONS='-v' '-o' 'cmTC_20fde' '-mtune=generic' '-march=x86-64'
 /usr/lib/gcc/x86_64-linux-gnu/5/collect2 -plugin /usr/lib/gcc/x86_64-linux-gnu/5/liblto_plugin.so -plugin-opt=/usr/lib/gcc/x86_64-linux-gnu/5/lto-wrapper -plugin-opt=-fresolution=/tmp/ccxC92bW.res -plugin-opt=-pass-through=-lgcc -plugin-opt=-pass-through=-lgcc_s -plugin-opt=-pass-through=-lc -plugin-opt=-pass-through=-lgcc -plugin-opt=-pass-through=-lgcc_s --sysroot=/ --build-id --eh-frame-hdr -m elf_x86_64 --hash-style=gnu --as-needed -dynamic-linker /lib64/ld-linux-x86-64.so.2 -z relro -o cmTC_20fde /usr/lib/gcc/x86_64-linux-gnu/5/../../../x86_64-linux-gnu/crt1.o /usr/lib/gcc/x86_64-linux-gnu/5/../../../x86_64-linux-gnu/crti.o /usr/lib/gcc/x86_64-linux-gnu/5/crtbegin.o -L/usr/lib/gcc/x86_64-linux-gnu/5 -L/usr/lib/gcc/x86_64-linux-gnu/5/../../../x86_64-linux-gnu -L/usr/lib/gcc/x86_64-linux-gnu/5/../../../../lib -L/lib/x86_64-linux-gnu -L/lib/../lib -L/usr/lib/x86_64-linux-gnu -L/usr/lib/../lib -L/usr/lib/gcc/x86_64-linux-gnu/5/../../.. CMakeFiles/cmTC_20fde.dir/CMakeCCompilerABI.c.o -lgcc --as-needed -lgcc_s --no-as-needed -lc -lgcc --as-needed -lgcc_s --no-as-needed /usr/lib/gcc/x86_64-linux-gnu/5/crtend.o /usr/lib/gcc/x86_64-linux-gnu/5/../../../x86_64-linux-gnu/crtn.o
make[1]: Leaving directory '/home/yankai.yan/workbase/codeLib/refactor/build/CMakeFiles/CMakeTmp'



Parsed C implicit include dir info from above output: rv=done
  found start of include info
  found start of implicit include info
    add: [/usr/lib/gcc/x86_64-linux-gnu/5/include]
    add: [/usr/local/include]
    add: [/usr/lib/gcc/x86_64-linux-gnu/5/include-fixed]
    add: [/usr/include/x86_64-linux-gnu]
    add: [/usr/include]
  end of search list found
  collapse include dir [/usr/lib/gcc/x86_64-linux-gnu/5/include] ==> [/usr/lib/gcc/x86_64-linux-gnu/5/include]
  collapse include dir [/usr/local/include] ==> [/usr/local/include]
  collapse include dir [/usr/lib/gcc/x86_64-linux-gnu/5/include-fixed] ==> [/usr/lib/gcc/x86_64-linux-gnu/5/include-fixed]
  collapse include dir [/usr/include/x86_64-linux-gnu] ==> [/usr/include/x86_64-linux-gnu]
  collapse include dir [/usr/include] ==> [/usr/include]
  implicit include dirs: [/usr/lib/gcc/x86_64-linux-gnu/5/include;/usr/local/include;/usr/lib/gcc/x86_64-linux-gnu/5/include-fixed;/usr/include/x86_64-linux-gnu;/usr/include]


Parsed C implicit link information from above output:
  link line regex: [^( *|.*[/\])(ld|CMAKE_LINK_STARTFILE-NOTFOUND|([^/\]+-)?ld|collect2)[^/\]*( |$)]
  ignore line: [Change Dir: /home/yankai.yan/workbase/codeLib/refactor/build/CMakeFiles/CMakeTmp]
  ignore line: []
  ignore line: [Run Build Command(s):/usr/bin/make cmTC_20fde/fast && /usr/bin/make  -f CMakeFiles/cmTC_20fde.dir/build.make CMakeFiles/cmTC_20fde.dir/build]
  ignore line: [make[1]: Entering directory '/home/yankai.yan/workbase/codeLib/refactor/build/CMakeFiles/CMakeTmp']
  ignore line: [Building C object CMakeFiles/cmTC_20fde.dir/CMakeCCompilerABI.c.o]
  ignore line: [/usr/bin/cc   -v -o CMakeFiles/cmTC_20fde.dir/CMakeCCompilerABI.c.o -c /usr/local/share/cmake-3.19/Modules/CMakeCCompilerABI.c]
  ignore line: [Using built-in specs.]
  ignore line: [COLLECT_GCC=/usr/bin/cc]
  ignore line: [Target: x86_64-linux-gnu]
  ignore line: [Configured with: ../src/configure -v --with-pkgversion='Ubuntu 5.4.0-6ubuntu1~16.04.12' --with-bugurl=file:///usr/share/doc/gcc-5/README.Bugs --enable-languages=c ada c++ java go d fortran objc obj-c++ --prefix=/usr --program-suffix=-5 --enable-shared --enable-linker-build-id --libexecdir=/usr/lib --without-included-gettext --enable-threads=posix --libdir=/usr/lib --enable-nls --with-sysroot=/ --enable-clocale=gnu --enable-libstdcxx-debug --enable-libstdcxx-time=yes --with-default-libstdcxx-abi=new --enable-gnu-unique-object --disable-vtable-verify --enable-libmpx --enable-plugin --with-system-zlib --disable-browser-plugin --enable-java-awt=gtk --enable-gtk-cairo --with-java-home=/usr/lib/jvm/java-1.5.0-gcj-5-amd64/jre --enable-java-home --with-jvm-root-dir=/usr/lib/jvm/java-1.5.0-gcj-5-amd64 --with-jvm-jar-dir=/usr/lib/jvm-exports/java-1.5.0-gcj-5-amd64 --with-arch-directory=amd64 --with-ecj-jar=/usr/share/java/eclipse-ecj.jar --enable-objc-gc --enable-multiarch --disable-werror --with-arch-32=i686 --with-abi=m64 --with-multilib-list=m32 m64 mx32 --enable-multilib --with-tune=generic --enable-checking=release --build=x86_64-linux-gnu --host=x86_64-linux-gnu --target=x86_64-linux-gnu]
  ignore line: [Thread model: posix]
  ignore line: [gcc version 5.4.0 20160609 (Ubuntu 5.4.0-6ubuntu1~16.04.12) ]
  ignore line: [COLLECT_GCC_OPTIONS='-v' '-o' 'CMakeFiles/cmTC_20fde.dir/CMakeCCompilerABI.c.o' '-c' '-mtune=generic' '-march=x86-64']
  ignore line: [ /usr/lib/gcc/x86_64-linux-gnu/5/cc1 -quiet -v -imultiarch x86_64-linux-gnu /usr/local/share/cmake-3.19/Modules/CMakeCCompilerABI.c -quiet -dumpbase CMakeCCompilerABI.c -mtune=generic -march=x86-64 -auxbase-strip CMakeFiles/cmTC_20fde.dir/CMakeCCompilerABI.c.o -version -fstack-protector-strong -Wformat -Wformat-security -o /tmp/ccEn83eT.s]
  ignore line: [GNU C11 (Ubuntu 5.4.0-6ubuntu1~16.04.12) version 5.4.0 20160609 (x86_64-linux-gnu)]
  ignore line: [	compiled by GNU C version 5.4.0 20160609  GMP version 6.1.0  MPFR version 3.1.4  MPC version 1.0.3]
  ignore line: [GGC heuristics: --param ggc-min-expand=100 --param ggc-min-heapsize=131072]
  ignore line: [ignoring nonexistent directory "/usr/local/include/x86_64-linux-gnu"]
  ignore line: [ignoring nonexistent directory "/usr/lib/gcc/x86_64-linux-gnu/5/../../../../x86_64-linux-gnu/include"]
  ignore line: [#include "..." search starts here:]
  ignore line: [#include <...> search starts here:]
  ignore line: [ /usr/lib/gcc/x86_64-linux-gnu/5/include]
  ignore line: [ /usr/local/include]
  ignore line: [ /usr/lib/gcc/x86_64-linux-gnu/5/include-fixed]
  ignore line: [ /usr/include/x86_64-linux-gnu]
  ignore line: [ /usr/include]
  ignore line: [End of search list.]
  ignore line: [GNU C11 (Ubuntu 5.4.0-6ubuntu1~16.04.12) version 5.4.0 20160609 (x86_64-linux-gnu)]
  ignore line: [	compiled by GNU C version 5.4.0 20160609  GMP version 6.1.0  MPFR version 3.1.4  MPC version 1.0.3]
  ignore line: [GGC heuristics: --param ggc-min-expand=100 --param ggc-min-heapsize=131072]
  ignore line: [Compiler executable checksum: 8087146d2ee737d238113fb57fabb1f2]
  ignore line: [COLLECT_GCC_OPTIONS='-v' '-o' 'CMakeFiles/cmTC_20fde.dir/CMakeCCompilerABI.c.o' '-c' '-mtune=generic' '-march=x86-64']
  ignore line: [ as -v --64 -o CMakeFiles/cmTC_20fde.dir/CMakeCCompilerABI.c.o /tmp/ccEn83eT.s]
  ignore line: [GNU assembler version 2.26.1 (x86_64-linux-gnu) using BFD version (GNU Binutils for Ubuntu) 2.26.1]
  ignore line: [COMPILER_PATH=/usr/lib/gcc/x86_64-linux-gnu/5/:/usr/lib/gcc/x86_64-linux-gnu/5/:/usr/lib/gcc/x86_64-linux-gnu/:/usr/lib/gcc/x86_64-linux-gnu/5/:/usr/lib/gcc/x86_64-linux-gnu/]
  ignore line: [LIBRARY_PATH=/usr/lib/gcc/x86_64-linux-gnu/5/:/usr/lib/gcc/x86_64-linux-gnu/5/../../../x86_64-linux-gnu/:/usr/lib/gcc/x86_64-linux-gnu/5/../../../../lib/:/lib/x86_64-linux-gnu/:/lib/../lib/:/usr/lib/x86_64-linux-gnu/:/usr/lib/../lib/:/usr/lib/gcc/x86_64-linux-gnu/5/../../../:/lib/:/usr/lib/]
  ignore line: [COLLECT_GCC_OPTIONS='-v' '-o' 'CMakeFiles/cmTC_20fde.dir/CMakeCCompilerABI.c.o' '-c' '-mtune=generic' '-march=x86-64']
  ignore line: [Linking C executable cmTC_20fde]
  ignore line: [/usr/local/bin/cmake -E cmake_link_script CMakeFiles/cmTC_20fde.dir/link.txt --verbose=1]
  ignore line: [/usr/bin/cc  -v CMakeFiles/cmTC_20fde.dir/CMakeCCompilerABI.c.o -o cmTC_20fde ]
  ignore line: [Using built-in specs.]
  ignore line: [COLLECT_GCC=/usr/bin/cc]
  ignore line: [COLLECT_LTO_WRAPPER=/usr/lib/gcc/x86_64-linux-gnu/5/lto-wrapper]
  ignore line: [Target: x86_64-linux-gnu]
  ignore line: [Configured with: ../src/configure -v --with-pkgversion='Ubuntu 5.4.0-6ubuntu1~16.04.12' --with-bugurl=file:///usr/share/doc/gcc-5/README.Bugs --enable-languages=c ada c++ java go d fortran objc obj-c++ --prefix=/usr --program-suffix=-5 --enable-shared --enable-linker-build-id --libexecdir=/usr/lib --without-included-gettext --enable-threads=posix --libdir=/usr/lib --enable-nls --with-sysroot=/ --enable-clocale=gnu --enable-libstdcxx-debug --enable-libstdcxx-time=yes --with-default-libstdcxx-abi=new --enable-gnu-unique-object --disable-vtable-verify --enable-libmpx --enable-plugin --with-system-zlib --disable-browser-plugin --enable-java-awt=gtk --enable-gtk-cairo --with-java-home=/usr/lib/jvm/java-1.5.0-gcj-5-amd64/jre --enable-java-home --with-jvm-root-dir=/usr/lib/jvm/java-1.5.0-gcj-5-amd64 --with-jvm-jar-dir=/usr/lib/jvm-exports/java-1.5.0-gcj-5-amd64 --with-arch-directory=amd64 --with-ecj-jar=/usr/share/java/eclipse-ecj.jar --enable-objc-gc --enable-multiarch --disable-werror --with-arch-32=i686 --with-abi=m64 --with-multilib-list=m32 m64 mx32 --enable-multilib --with-tune=generic --enable-checking=release --build=x86_64-linux-gnu --host=x86_64-linux-gnu --target=x86_64-linux-gnu]
  ignore line: [Thread model: posix]
  ignore line: [gcc version 5.4.0 20160609 (Ubuntu 5.4.0-6ubuntu1~16.04.12) ]
  ignore line: [COMPILER_PATH=/usr/lib/gcc/x86_64-linux-gnu/5/:/usr/lib/gcc/x86_64-linux-gnu/5/:/usr/lib/gcc/x86_64-linux-gnu/:/usr/lib/gcc/x86_64-linux-gnu/5/:/usr/lib/gcc/x86_64-linux-gnu/]
  ignore line: [LIBRARY_PATH=/usr/lib/gcc/x86_64-linux-gnu/5/:/usr/lib/gcc/x86_64-linux-gnu/5/../../../x86_64-linux-gnu/:/usr/lib/gcc/x86_64-linux-gnu/5/../../../../lib/:/lib/x86_64-linux-gnu/:/lib/../lib/:/usr/lib/x86_64-linux-gnu/:/usr/lib/../lib/:/usr/lib/gcc/x86_64-linux-gnu/5/../../../:/lib/:/usr/lib/]
  ignore line: [COLLECT_GCC_OPTIONS='-v' '-o' 'cmTC_20fde' '-mtune=generic' '-march=x86-64']
  link line: [ /usr/lib/gcc/x86_64-linux-gnu/5/collect2 -plugin /usr/lib/gcc/x86_64-linux-gnu/5/liblto_plugin.so -plugin-opt=/usr/lib/gcc/x86_64-linux-gnu/5/lto-wrapper -plugin-opt=-fresolution=/tmp/ccxC92bW.res -plugin-opt=-pass-through=-lgcc -plugin-opt=-pass-through=-lgcc_s -plugin-opt=-pass-through=-lc -plugin-opt=-pass-through=-lgcc -plugin-opt=-pass-through=-lgcc_s --sysroot=/ --build-id --eh-frame-hdr -m elf_x86_64 --hash-style=gnu --as-needed -dynamic-linker /lib64/ld-linux-x86-64.so.2 -z relro -o cmTC_20fde /usr/lib/gcc/x86_64-linux-gnu/5/../../../x86_64-linux-gnu/crt1.o /usr/lib/gcc/x86_64-linux-gnu/5/../../../x86_64-linux-gnu/crti.o /usr/lib/gcc/x86_64-linux-gnu/5/crtbegin.o -L/usr/lib/gcc/x86_64-linux-gnu/5 -L/usr/lib/gcc/x86_64-linux-gnu/5/../../../x86_64-linux-gnu -L/usr/lib/gcc/x86_64-linux-gnu/5/../../../../lib -L/lib/x86_64-linux-gnu -L/lib/../lib -L/usr/lib/x86_64-linux-gnu -L/usr/lib/../lib -L/usr/lib/gcc/x86_64-linux-gnu/5/../../.. CMakeFiles/cmTC_20fde.dir/CMakeCCompilerABI.c.o -lgcc --as-needed -lgcc_s --no-as-needed -lc -lgcc --as-needed -lgcc_s --no-as-needed /usr/lib/gcc/x86_64-linux-gnu/5/crtend.o /usr/lib/gcc/x86_64-linux-gnu/5/../../../x86_64-linux-gnu/crtn.o]
    arg [/usr/lib/gcc/x86_64-linux-gnu/5/collect2] ==> ignore
    arg [-plugin] ==> ignore
    arg [/usr/lib/gcc/x86_64-linux-gnu/5/liblto_plugin.so] ==> ignore
    arg [-plugin-opt=/usr/lib/gcc/x86_64-linux-gnu/5/lto-wrapper] ==> ignore
    arg [-plugin-opt=-fresolution=/tmp/ccxC92bW.res] ==> ignore
    arg [-plugin-opt=-pass-through=-lgcc] ==> ignore
    arg [-plugin-opt=-pass-through=-lgcc_s] ==> ignore
    arg [-plugin-opt=-pass-through=-lc] ==> ignore
    arg [-plugin-opt=-pass-through=-lgcc] ==> ignore
    arg [-plugin-opt=-pass-through=-lgcc_s] ==> ignore
    arg [--sysroot=/] ==> ignore
    arg [--build-id] ==> ignore
    arg [--eh-frame-hdr] ==> ignore
    arg [-m] ==> ignore
    arg [elf_x86_64] ==> ignore
    arg [--hash-style=gnu] ==> ignore
    arg [--as-needed] ==> ignore
    arg [-dynamic-linker] ==> ignore
    arg [/lib64/ld-linux-x86-64.so.2] ==> ignore
    arg [-zrelro] ==> ignore
    arg [-o] ==> ignore
    arg [cmTC_20fde] ==> ignore
    arg [/usr/lib/gcc/x86_64-linux-gnu/5/../../../x86_64-linux-gnu/crt1.o] ==> ignore
    arg [/usr/lib/gcc/x86_64-linux-gnu/5/../../../x86_64-linux-gnu/crti.o] ==> ignore
    arg [/usr/lib/gcc/x86_64-linux-gnu/5/crtbegin.o] ==> ignore
    arg [-L/usr/lib/gcc/x86_64-linux-gnu/5] ==> dir [/usr/lib/gcc/x86_64-linux-gnu/5]
    arg [-L/usr/lib/gcc/x86_64-linux-gnu/5/../../../x86_64-linux-gnu] ==> dir [/usr/lib/gcc/x86_64-linux-gnu/5/../../../x86_64-linux-gnu]
    arg [-L/usr/lib/gcc/x86_64-linux-gnu/5/../../../../lib] ==> dir [/usr/lib/gcc/x86_64-linux-gnu/5/../../../../lib]
    arg [-L/lib/x86_64-linux-gnu] ==> dir [/lib/x86_64-linux-gnu]
    arg [-L/lib/../lib] ==> dir [/lib/../lib]
    arg [-L/usr/lib/x86_64-linux-gnu] ==> dir [/usr/lib/x86_64-linux-gnu]
    arg [-L/usr/lib/../lib] ==> dir [/usr/lib/../lib]
    arg [-L/usr/lib/gcc/x86_64-linux-gnu/5/../../..] ==> dir [/usr/lib/gcc/x86_64-linux-gnu/5/../../..]
    arg [CMakeFiles/cmTC_20fde.dir/CMakeCCompilerABI.c.o] ==> ignore
    arg [-lgcc] ==> lib [gcc]
    arg [--as-needed] ==> ignore
    arg [-lgcc_s] ==> lib [gcc_s]
    arg [--no-as-needed] ==> ignore
    arg [-lc] ==> lib [c]
    arg [-lgcc] ==> lib [gcc]
    arg [--as-needed] ==> ignore
    arg [-lgcc_s] ==> lib [gcc_s]
    arg [--no-as-needed] ==> ignore
    arg [/usr/lib/gcc/x86_64-linux-gnu/5/crtend.o] ==> ignore
    arg [/usr/lib/gcc/x86_64-linux-gnu/5/../../../x86_64-linux-gnu/crtn.o] ==> ignore
  collapse library dir [/usr/lib/gcc/x86_64-linux-gnu/5] ==> [/usr/lib/gcc/x86_64-linux-gnu/5]
  collapse library dir [/usr/lib/gcc/x86_64-linux-gnu/5/../../../x86_64-linux-gnu] ==> [/usr/lib/x86_64-linux-gnu]
  collapse library dir [/usr/lib/gcc/x86_64-linux-gnu/5/../../../../lib] ==> [/usr/lib]
  collapse library dir [/lib/x86_64-linux-gnu] ==> [/lib/x86_64-linux-gnu]
  collapse library dir [/lib/../lib] ==> [/lib]
  collapse library dir [/usr/lib/x86_64-linux-gnu] ==> [/usr/lib/x86_64-linux-gnu]
  collapse library dir [/usr/lib/../lib] ==> [/usr/lib]
  collapse library dir [/usr/lib/gcc/x86_64-linux-gnu/5/../../..] ==> [/usr/lib]
  implicit libs: [gcc;gcc_s;c;gcc;gcc_s]
  implicit dirs: [/usr/lib/gcc/x86_64-linux-gnu/5;/usr/lib/x86_64-linux-gnu;/usr/lib;/lib/x86_64-linux-gnu;/lib]
  implicit fwks: []


Detecting CXX compiler ABI info compiled with the following output:
Change Dir: /home/yankai.yan/workbase/codeLib/refactor/build/CMakeFiles/CMakeTmp

Run Build Command(s):/usr/bin/make cmTC_0d3b2/fast && /usr/bin/make  -f CMakeFiles/cmTC_0d3b2.dir/build.make CMakeFiles/cmTC_0d3b2.dir/build
make[1]: Entering directory '/home/yankai.yan/workbase/codeLib/refactor/build/CMakeFiles/CMakeTmp'
Building CXX object CMakeFiles/cmTC_0d3b2.dir/CMakeCXXCompilerABI.cpp.o
/usr/bin/c++   -v -o CMakeFiles/cmTC_0d3b2.dir/CMakeCXXCompilerABI.cpp.o -c /usr/local/share/cmake-3.19/Modules/CMakeCXXCompilerABI.cpp
Using built-in specs.
COLLECT_GCC=/usr/bin/c++
Target: x86_64-linux-gnu
Configured with: ../src/configure -v --with-pkgversion='Ubuntu 5.4.0-6ubuntu1~16.04.12' --with-bugurl=file:///usr/share/doc/gcc-5/README.Bugs --enable-languages=c,ada,c++,java,go,d,fortran,objc,obj-c++ --prefix=/usr --program-suffix=-5 --enable-shared --enable-linker-build-id --libexecdir=/usr/lib --without-included-gettext --enable-threads=posix --libdir=/usr/lib --enable-nls --with-sysroot=/ --enable-clocale=gnu --enable-libstdcxx-debug --enable-libstdcxx-time=yes --with-default-libstdcxx-abi=new --enable-gnu-unique-object --disable-vtable-verify --enable-libmpx --enable-plugin --with-system-zlib --disable-browser-plugin --enable-java-awt=gtk --enable-gtk-cairo --with-java-home=/usr/lib/jvm/java-1.5.0-gcj-5-amd64/jre --enable-java-home --with-jvm-root-dir=/usr/lib/jvm/java-1.5.0-gcj-5-amd64 --with-jvm-jar-dir=/usr/lib/jvm-exports/java-1.5.0-gcj-5-amd64 --with-arch-directory=amd64 --with-ecj-jar=/usr/share/java/eclipse-ecj.jar --enable-objc-gc --enable-multiarch --disable-werror --with-arch-32=i686 --with-abi=m64 --with-multilib-list=m32,m64,mx32 --enable-multilib --with-tune=generic --enable-checking=release --build=x86_64-linux-gnu --host=x86_64-linux-gnu --target=x86_64-linux-gnu
Thread model: posix
gcc version 5.4.0 20160609 (Ubuntu 5.4.0-6ubuntu1~16.04.12) 
COLLECT_GCC_OPTIONS='-v' '-o' 'CMakeFiles/cmTC_0d3b2.dir/CMakeCXXCompilerABI.cpp.o' '-c' '-shared-libgcc' '-mtune=generic' '-march=x86-64'
 /usr/lib/gcc/x86_64-linux-gnu/5/cc1plus -quiet -v -imultiarch x86_64-linux-gnu -D_GNU_SOURCE /usr/local/share/cmake-3.19/Modules/CMakeCXXCompilerABI.cpp -quiet -dumpbase CMakeCXXCompilerABI.cpp -mtune=generic -march=x86-64 -auxbase-strip CMakeFiles/cmTC_0d3b2.dir/CMakeCXXCompilerABI.cpp.o -version -fstack-protector-strong -Wformat -Wformat-security -o /tmp/cc7O2SvY.s
GNU C++ (Ubuntu 5.4.0-6ubuntu1~16.04.12) version 5.4.0 20160609 (x86_64-linux-gnu)
	compiled by GNU C version 5.4.0 20160609, GMP version 6.1.0, MPFR version 3.1.4, MPC version 1.0.3
GGC heuristics: --param ggc-min-expand=100 --param ggc-min-heapsize=131072
ignoring duplicate directory "/usr/include/x86_64-linux-gnu/c++/5"
ignoring nonexistent directory "/usr/local/include/x86_64-linux-gnu"
ignoring nonexistent directory "/usr/lib/gcc/x86_64-linux-gnu/5/../../../../x86_64-linux-gnu/include"
#include "..." search starts here:
#include <...> search starts here:
 /usr/include/c++/5
 /usr/include/x86_64-linux-gnu/c++/5
 /usr/include/c++/5/backward
 /usr/lib/gcc/x86_64-linux-gnu/5/include
 /usr/local/include
 /usr/lib/gcc/x86_64-linux-gnu/5/include-fixed
 /usr/include/x86_64-linux-gnu
 /usr/include
End of search list.
GNU C++ (Ubuntu 5.4.0-6ubuntu1~16.04.12) version 5.4.0 20160609 (x86_64-linux-gnu)
	compiled by GNU C version 5.4.0 20160609, GMP version 6.1.0, MPFR version 3.1.4, MPC version 1.0.3
GGC heuristics: --param ggc-min-expand=100 --param ggc-min-heapsize=131072
Compiler executable checksum: 85af4995304287cdd19cfa43cf5d6cf1
COLLECT_GCC_OPTIONS='-v' '-o' 'CMakeFiles/cmTC_0d3b2.dir/CMakeCXXCompilerABI.cpp.o' '-c' '-shared-libgcc' '-mtune=generic' '-march=x86-64'
 as -v --64 -o CMakeFiles/cmTC_0d3b2.dir/CMakeCXXCompilerABI.cpp.o /tmp/cc7O2SvY.s
GNU assembler version 2.26.1 (x86_64-linux-gnu) using BFD version (GNU Binutils for Ubuntu) 2.26.1
COMPILER_PATH=/usr/lib/gcc/x86_64-linux-gnu/5/:/usr/lib/gcc/x86_64-linux-gnu/5/:/usr/lib/gcc/x86_64-linux-gnu/:/usr/lib/gcc/x86_64-linux-gnu/5/:/usr/lib/gcc/x86_64-linux-gnu/
LIBRARY_PATH=/usr/lib/gcc/x86_64-linux-gnu/5/:/usr/lib/gcc/x86_64-linux-gnu/5/../../../x86_64-linux-gnu/:/usr/lib/gcc/x86_64-linux-gnu/5/../../../../lib/:/lib/x86_64-linux-gnu/:/lib/../lib/:/usr/lib/x86_64-linux-gnu/:/usr/lib/../lib/:/usr/lib/gcc/x86_64-linux-gnu/5/../../../:/lib/:/usr/lib/
COLLECT_GCC_OPTIONS='-v' '-o' 'CMakeFiles/cmTC_0d3b2.dir/CMakeCXXCompilerABI.cpp.o' '-c' '-shared-libgcc' '-mtune=generic' '-march=x86-64'
Linking CXX executable cmTC_0d3b2
/usr/local/bin/cmake -E cmake_link_script CMakeFiles/cmTC_0d3b2.dir/link.txt --verbose=1
/usr/bin/c++  -v CMakeFiles/cmTC_0d3b2.dir/CMakeCXXCompilerABI.cpp.o -o cmTC_0d3b2 
Using built-in specs.
COLLECT_GCC=/usr/bin/c++
COLLECT_LTO_WRAPPER=/usr/lib/gcc/x86_64-linux-gnu/5/lto-wrapper
Target: x86_64-linux-gnu
Configured with: ../src/configure -v --with-pkgversion='Ubuntu 5.4.0-6ubuntu1~16.04.12' --with-bugurl=file:///usr/share/doc/gcc-5/README.Bugs --enable-languages=c,ada,c++,java,go,d,fortran,objc,obj-c++ --prefix=/usr --program-suffix=-5 --enable-shared --enable-linker-build-id --libexecdir=/usr/lib --without-included-gettext --enable-threads=posix --libdir=/usr/lib --enable-nls --with-sysroot=/ --enable-clocale=gnu --enable-libstdcxx-debug --enable-libstdcxx-time=yes --with-default-libstdcxx-abi=new --enable-gnu-unique-object --disable-vtable-verify --enable-libmpx --enable-plugin --with-system-zlib --disable-browser-plugin --enable-java-awt=gtk --enable-gtk-cairo --with-java-home=/usr/lib/jvm/java-1.5.0-gcj-5-amd64/jre --enable-java-home --with-jvm-root-dir=/usr/lib/jvm/java-1.5.0-gcj-5-amd64 --with-jvm-jar-dir=/usr/lib/jvm-exports/java-1.5.0-gcj-5-amd64 --with-arch-directory=amd64 --with-ecj-jar=/usr/share/java/eclipse-ecj.jar --enable-objc-gc --enable-multiarch --disable-werror --with-arch-32=i686 --with-abi=m64 --with-multilib-list=m32,m64,mx32 --enable-multilib --with-tune=generic --enable-checking=release --build=x86_64-linux-gnu --host=x86_64-linux-gnu --target=x86_64-linux-gnu
Thread model: posix
gcc version 5.4.0 20160609 (Ubuntu 5.4.0-6ubuntu1~16.04.12) 
COMPILER_PATH=/usr/lib/gcc/x86_64-linux-gnu/5/:/usr/lib/gcc/x86_64-linux-gnu/5/:/usr/lib/gcc/x86_64-linux-gnu/:/usr/lib/gcc/x86_64-linux-gnu/5/:/usr/lib/gcc/x86_64-linux-gnu/
LIBRARY_PATH=/usr/lib/gcc/x86_64-linux-gnu/5/:/usr/lib/gcc/x86_64-linux-gnu/5/../../../x86_64-linux-gnu/:/usr/lib/gcc/x86_64-linux-gnu/5/../../../../lib/:/lib/x86_64-linux-gnu/:/lib/../lib/:/usr/lib/x86_64-linux-gnu/:/usr/lib/../lib/:/usr/lib/gcc/x86_64-linux-gnu/5/../../../:/lib/:/usr/lib/
COLLECT_GCC_OPTIONS='-v' '-o' 'cmTC_0d3b2' '-shared-libgcc' '-mtune=generic' '-march=x86-64'
 /usr/lib/gcc/x86_64-linux-gnu/5/collect2 -plugin /usr/lib/gcc/x86_64-linux-gnu/5/liblto_plugin.so -plugin-opt=/usr/lib/gcc/x86_64-linux-gnu/5/lto-wrapper -plugin-opt=-fresolution=/tmp/ccZ9Vis1.res -plugin-opt=-pass-through=-lgcc_s -plugin-opt=-pass-through=-lgcc -plugin-opt=-pass-through=-lc -plugin-opt=-pass-through=-lgcc_s -plugin-opt=-pass-through=-lgcc --sysroot=/ --build-id --eh-frame-hdr -m elf_x86_64 --hash-style=gnu --as-needed -dynamic-linker /lib64/ld-linux-x86-64.so.2 -z relro -o cmTC_0d3b2 /usr/lib/gcc/x86_64-linux-gnu/5/../../../x86_64-linux-gnu/crt1.o /usr/lib/gcc/x86_64-linux-gnu/5/../../../x86_64-linux-gnu/crti.o /usr/lib/gcc/x86_64-linux-gnu/5/crtbegin.o -L/usr/lib/gcc/x86_64-linux-gnu/5 -L/usr/lib/gcc/x86_64-linux-gnu/5/../../../x86_64-linux-gnu -L/usr/lib/gcc/x86_64-linux-gnu/5/../../../../lib -L/lib/x86_64-linux-gnu -L/lib/../lib -L/usr/lib/x86_64-linux-gnu -L/usr/lib/../lib -L/usr/lib/gcc/x86_64-linux-gnu/5/../../.. CMakeFiles/cmTC_0d3b2.dir/CMakeCXXCompilerABI.cpp.o -lstdc++ -lm -lgcc_s -lgcc -lc -lgcc_s -lgcc /usr/lib/gcc/x86_64-linux-gnu/5/crtend.o /usr/lib/gcc/x86_64-linux-gnu/5/../../../x86_64-linux-gnu/crtn.o
make[1]: Leaving directory '/home/yankai.yan/workbase/codeLib/refactor/build/CMakeFiles/CMakeTmp'



Parsed CXX implicit include dir info from above output: rv=done
  found start of include info
  found start of implicit include info
    add: [/usr/include/c++/5]
    add: [/usr/include/x86_64-linux-gnu/c++/5]
    add: [/usr/include/c++/5/backward]
    add: [/usr/lib/gcc/x86_64-linux-gnu/5/include]
    add: [/usr/local/include]
    add: [/usr/lib/gcc/x86_64-linux-gnu/5/include-fixed]
    add: [/usr/include/x86_64-linux-gnu]
    add: [/usr/include]
  end of search list found
  collapse include dir [/usr/include/c++/5] ==> [/usr/include/c++/5]
  collapse include dir [/usr/include/x86_64-linux-gnu/c++/5] ==> [/usr/include/x86_64-linux-gnu/c++/5]
  collapse include dir [/usr/include/c++/5/backward] ==> [/usr/include/c++/5/backward]
  collapse include dir [/usr/lib/gcc/x86_64-linux-gnu/5/include] ==> [/usr/lib/gcc/x86_64-linux-gnu/5/include]
  collapse include dir [/usr/local/include] ==> [/usr/local/include]
  collapse include dir [/usr/lib/gcc/x86_64-linux-gnu/5/include-fixed] ==> [/usr/lib/gcc/x86_64-linux-gnu/5/include-fixed]
  collapse include dir [/usr/include/x86_64-linux-gnu] ==> [/usr/include/x86_64-linux-gnu]
  collapse include dir [/usr/include] ==> [/usr/include]
  implicit include dirs: [/usr/include/c++/5;/usr/include/x86_64-linux-gnu/c++/5;/usr/include/c++/5/backward;/usr/lib/gcc/x86_64-linux-gnu/5/include;/usr/local/include;/usr/lib/gcc/x86_64-linux-gnu/5/include-fixed;/usr/include/x86_64-linux-gnu;/usr/include]


Parsed CXX implicit link information from above output:
  link line regex: [^( *|.*[/\])(ld|CMAKE_LINK_STARTFILE-NOTFOUND|([^/\]+-)?ld|collect2)[^/\]*( |$)]
  ignore line: [Change Dir: /home/yankai.yan/workbase/codeLib/refactor/build/CMakeFiles/CMakeTmp]
  ignore line: []
  ignore line: [Run Build Command(s):/usr/bin/make cmTC_0d3b2/fast && /usr/bin/make  -f CMakeFiles/cmTC_0d3b2.dir/build.make CMakeFiles/cmTC_0d3b2.dir/build]
  ignore line: [make[1]: Entering directory '/home/yankai.yan/workbase/codeLib/refactor/build/CMakeFiles/CMakeTmp']
  ignore line: [Building CXX object CMakeFiles/cmTC_0d3b2.dir/CMakeCXXCompilerABI.cpp.o]
  ignore line: [/usr/bin/c++   -v -o CMakeFiles/cmTC_0d3b2.dir/CMakeCXXCompilerABI.cpp.o -c /usr/local/share/cmake-3.19/Modules/CMakeCXXCompilerABI.cpp]
  ignore line: [Using built-in specs.]
  ignore line: [COLLECT_GCC=/usr/bin/c++]
  ignore line: [Target: x86_64-linux-gnu]
  ignore line: [Configured with: ../src/configure -v --with-pkgversion='Ubuntu 5.4.0-6ubuntu1~16.04.12' --with-bugurl=file:///usr/share/doc/gcc-5/README.Bugs --enable-languages=c ada c++ java go d fortran objc obj-c++ --prefix=/usr --program-suffix=-5 --enable-shared --enable-linker-build-id --libexecdir=/usr/lib --without-included-gettext --enable-threads=posix --libdir=/usr/lib --enable-nls --with-sysroot=/ --enable-clocale=gnu --enable-libstdcxx-debug --enable-libstdcxx-time=yes --with-default-libstdcxx-abi=new --enable-gnu-unique-object --disable-vtable-verify --enable-libmpx --enable-plugin --with-system-zlib --disable-browser-plugin --enable-java-awt=gtk --enable-gtk-cairo --with-java-home=/usr/lib/jvm/java-1.5.0-gcj-5-amd64/jre --enable-java-home --with-jvm-root-dir=/usr/lib/jvm/java-1.5.0-gcj-5-amd64 --with-jvm-jar-dir=/usr/lib/jvm-exports/java-1.5.0-gcj-5-amd64 --with-arch-directory=amd64 --with-ecj-jar=/usr/share/java/eclipse-ecj.jar --enable-objc-gc --enable-multiarch --disable-werror --with-arch-32=i686 --with-abi=m64 --with-multilib-list=m32 m64 mx32 --enable-multilib --with-tune=generic --enable-checking=release --build=x86_64-linux-gnu --host=x86_64-linux-gnu --target=x86_64-linux-gnu]
  ignore line: [Thread model: posix]
  ignore line: [gcc version 5.4.0 20160609 (Ubuntu 5.4.0-6ubuntu1~16.04.12) ]
  ignore line: [COLLECT_GCC_OPTIONS='-v' '-o' 'CMakeFiles/cmTC_0d3b2.dir/CMakeCXXCompilerABI.cpp.o' '-c' '-shared-libgcc' '-mtune=generic' '-march=x86-64']
  ignore line: [ /usr/lib/gcc/x86_64-linux-gnu/5/cc1plus -quiet -v -imultiarch x86_64-linux-gnu -D_GNU_SOURCE /usr/local/share/cmake-3.19/Modules/CMakeCXXCompilerABI.cpp -quiet -dumpbase CMakeCXXCompilerABI.cpp -mtune=generic -march=x86-64 -auxbase-strip CMakeFiles/cmTC_0d3b2.dir/CMakeCXXCompilerABI.cpp.o -version -fstack-protector-strong -Wformat -Wformat-security -o /tmp/cc7O2SvY.s]
  ignore line: [GNU C++ (Ubuntu 5.4.0-6ubuntu1~16.04.12) version 5.4.0 20160609 (x86_64-linux-gnu)]
  ignore line: [	compiled by GNU C version 5.4.0 20160609  GMP version 6.1.0  MPFR version 3.1.4  MPC version 1.0.3]
  ignore line: [GGC heuristics: --param ggc-min-expand=100 --param ggc-min-heapsize=131072]
  ignore line: [ignoring duplicate directory "/usr/include/x86_64-linux-gnu/c++/5"]
  ignore line: [ignoring nonexistent directory "/usr/local/include/x86_64-linux-gnu"]
  ignore line: [ignoring nonexistent directory "/usr/lib/gcc/x86_64-linux-gnu/5/../../../../x86_64-linux-gnu/include"]
  ignore line: [#include "..." search starts here:]
  ignore line: [#include <...> search starts here:]
  ignore line: [ /usr/include/c++/5]
  ignore line: [ /usr/include/x86_64-linux-gnu/c++/5]
  ignore line: [ /usr/include/c++/5/backward]
  ignore line: [ /usr/lib/gcc/x86_64-linux-gnu/5/include]
  ignore line: [ /usr/local/include]
  ignore line: [ /usr/lib/gcc/x86_64-linux-gnu/5/include-fixed]
  ignore line: [ /usr/include/x86_64-linux-gnu]
  ignore line: [ /usr/include]
  ignore line: [End of search list.]
  ignore line: [GNU C++ (Ubuntu 5.4.0-6ubuntu1~16.04.12) version 5.4.0 20160609 (x86_64-linux-gnu)]
  ignore line: [	compiled by GNU C version 5.4.0 20160609  GMP version 6.1.0  MPFR version 3.1.4  MPC version 1.0.3]
  ignore line: [GGC heuristics: --param ggc-min-expand=100 --param ggc-min-heapsize=131072]
  ignore line: [Compiler executable checksum: 85af4995304287cdd19cfa43cf5d6cf1]
  ignore line: [COLLECT_GCC_OPTIONS='-v' '-o' 'CMakeFiles/cmTC_0d3b2.dir/CMakeCXXCompilerABI.cpp.o' '-c' '-shared-libgcc' '-mtune=generic' '-march=x86-64']
  ignore line: [ as -v --64 -o CMakeFiles/cmTC_0d3b2.dir/CMakeCXXCompilerABI.cpp.o /tmp/cc7O2SvY.s]
  ignore line: [GNU assembler version 2.26.1 (x86_64-linux-gnu) using BFD version (GNU Binutils for Ubuntu) 2.26.1]
  ignore line: [COMPILER_PATH=/usr/lib/gcc/x86_64-linux-gnu/5/:/usr/lib/gcc/x86_64-linux-gnu/5/:/usr/lib/gcc/x86_64-linux-gnu/:/usr/lib/gcc/x86_64-linux-gnu/5/:/usr/lib/gcc/x86_64-linux-gnu/]
  ignore line: [LIBRARY_PATH=/usr/lib/gcc/x86_64-linux-gnu/5/:/usr/lib/gcc/x86_64-linux-gnu/5/../../../x86_64-linux-gnu/:/usr/lib/gcc/x86_64-linux-gnu/5/../../../../lib/:/lib/x86_64-linux-gnu/:/lib/../lib/:/usr/lib/x86_64-linux-gnu/:/usr/lib/../lib/:/usr/lib/gcc/x86_64-linux-gnu/5/../../../:/lib/:/usr/lib/]
  ignore line: [COLLECT_GCC_OPTIONS='-v' '-o' 'CMakeFiles/cmTC_0d3b2.dir/CMakeCXXCompilerABI.cpp.o' '-c' '-shared-libgcc' '-mtune=generic' '-march=x86-64']
  ignore line: [Linking CXX executable cmTC_0d3b2]
  ignore line: [/usr/local/bin/cmake -E cmake_link_script CMakeFiles/cmTC_0d3b2.dir/link.txt --verbose=1]
  ignore line: [/usr/bin/c++  -v CMakeFiles/cmTC_0d3b2.dir/CMakeCXXCompilerABI.cpp.o -o cmTC_0d3b2 ]
  ignore line: [Using built-in specs.]
  ignore line: [COLLECT_GCC=/usr/bin/c++]
  ignore line: [COLLECT_LTO_WRAPPER=/usr/lib/gcc/x86_64-linux-gnu/5/lto-wrapper]
  ignore line: [Target: x86_64-linux-gnu]
  ignore line: [Configured with: ../src/configure -v --with-pkgversion='Ubuntu 5.4.0-6ubuntu1~16.04.12' --with-bugurl=file:///usr/share/doc/gcc-5/README.Bugs --enable-languages=c ada c++ java go d fortran objc obj-c++ --prefix=/usr --program-suffix=-5 --enable-shared --enable-linker-build-id --libexecdir=/usr/lib --without-included-gettext --enable-threads=posix --libdir=/usr/lib --enable-nls --with-sysroot=/ --enable-clocale=gnu --enable-libstdcxx-debug --enable-libstdcxx-time=yes --with-default-libstdcxx-abi=new --enable-gnu-unique-object --disable-vtable-verify --enable-libmpx --enable-plugin --with-system-zlib --disable-browser-plugin --enable-java-awt=gtk --enable-gtk-cairo --with-java-home=/usr/lib/jvm/java-1.5.0-gcj-5-amd64/jre --enable-java-home --with-jvm-root-dir=/usr/lib/jvm/java-1.5.0-gcj-5-amd64 --with-jvm-jar-dir=/usr/lib/jvm-exports/java-1.5.0-gcj-5-amd64 --with-arch-directory=amd64 --with-ecj-jar=/usr/share/java/eclipse-ecj.jar --enable-objc-gc --enable-multiarch --disable-werror --with-arch-32=i686 --with-abi=m64 --with-multilib-list=m32 m64 mx32 --enable-multilib --with-tune=generic --enable-checking=release --build=x86_64-linux-gnu --host=x86_64-linux-gnu --target=x86_64-linux-gnu]
  ignore line: [Thread model: posix]
  ignore line: [gcc version 5.4.0 20160609 (Ubuntu 5.4.0-6ubuntu1~16.04.12) ]
  ignore line: [COMPILER_PATH=/usr/lib/gcc/x86_64-linux-gnu/5/:/usr/lib/gcc/x86_64-linux-gnu/5/:/usr/lib/gcc/x86_64-linux-gnu/:/usr/lib/gcc/x86_64-linux-gnu/5/:/usr/lib/gcc/x86_64-linux-gnu/]
  ignore line: [LIBRARY_PATH=/usr/lib/gcc/x86_64-linux-gnu/5/:/usr/lib/gcc/x86_64-linux-gnu/5/../../../x86_64-linux-gnu/:/usr/lib/gcc/x86_64-linux-gnu/5/../../../../lib/:/lib/x86_64-linux-gnu/:/lib/../lib/:/usr/lib/x86_64-linux-gnu/:/usr/lib/../lib/:/usr/lib/gcc/x86_64-linux-gnu/5/../../../:/lib/:/usr/lib/]
  ignore line: [COLLECT_GCC_OPTIONS='-v' '-o' 'cmTC_0d3b2' '-shared-libgcc' '-mtune=generic' '-march=x86-64']
  link line: [ /usr/lib/gcc/x86_64-linux-gnu/5/collect2 -plugin /usr/lib/gcc/x86_64-linux-gnu/5/liblto_plugin.so -plugin-opt=/usr/lib/gcc/x86_64-linux-gnu/5/lto-wrapper -plugin-opt=-fresolution=/tmp/ccZ9Vis1.res -plugin-opt=-pass-through=-lgcc_s -plugin-opt=-pass-through=-lgcc -plugin-opt=-pass-through=-lc -plugin-opt=-pass-through=-lgcc_s -plugin-opt=-pass-through=-lgcc --sysroot=/ --build-id --eh-frame-hdr -m elf_x86_64 --hash-style=gnu --as-needed -dynamic-linker /lib64/ld-linux-x86-64.so.2 -z relro -o cmTC_0d3b2 /usr/lib/gcc/x86_64-linux-gnu/5/../../../x86_64-linux-gnu/crt1.o /usr/lib/gcc/x86_64-linux-gnu/5/../../../x86_64-linux-gnu/crti.o /usr/lib/gcc/x86_64-linux-gnu/5/crtbegin.o -L/usr/lib/gcc/x86_64-linux-gnu/5 -L/usr/lib/gcc/x86_64-linux-gnu/5/../../../x86_64-linux-gnu -L/usr/lib/gcc/x86_64-linux-gnu/5/../../../../lib -L/lib/x86_64-linux-gnu -L/lib/../lib -L/usr/lib/x86_64-linux-gnu -L/usr/lib/../lib -L/usr/lib/gcc/x86_64-linux-gnu/5/../../.. CMakeFiles/cmTC_0d3b2.dir/CMakeCXXCompilerABI.cpp.o -lstdc++ -lm -lgcc_s -lgcc -lc -lgcc_s -lgcc /usr/lib/gcc/x86_64-linux-gnu/5/crtend.o /usr/lib/gcc/x86_64-linux-gnu/5/../../../x86_64-linux-gnu/crtn.o]
    arg [/usr/lib/gcc/x86_64-linux-gnu/5/collect2] ==> ignore
    arg [-plugin] ==> ignore
    arg [/usr/lib/gcc/x86_64-linux-gnu/5/liblto_plugin.so] ==> ignore
    arg [-plugin-opt=/usr/lib/gcc/x86_64-linux-gnu/5/lto-wrapper] ==> ignore
    arg [-plugin-opt=-fresolution=/tmp/ccZ9Vis1.res] ==> ignore
    arg [-plugin-opt=-pass-through=-lgcc_s] ==> ignore
    arg [-plugin-opt=-pass-through=-lgcc] ==> ignore
    arg [-plugin-opt=-pass-through=-lc] ==> ignore
    arg [-plugin-opt=-pass-through=-lgcc_s] ==> ignore
    arg [-plugin-opt=-pass-through=-lgcc] ==> ignore
    arg [--sysroot=/] ==> ignore
    arg [--build-id] ==> ignore
    arg [--eh-frame-hdr] ==> ignore
    arg [-m] ==> ignore
    arg [elf_x86_64] ==> ignore
    arg [--hash-style=gnu] ==> ignore
    arg [--as-needed] ==> ignore
    arg [-dynamic-linker] ==> ignore
    arg [/lib64/ld-linux-x86-64.so.2] ==> ignore
    arg [-zrelro] ==> ignore
    arg [-o] ==> ignore
    arg [cmTC_0d3b2] ==> ignore
    arg [/usr/lib/gcc/x86_64-linux-gnu/5/../../../x86_64-linux-gnu/crt1.o] ==> ignore
    arg [/usr/lib/gcc/x86_64-linux-gnu/5/../../../x86_64-linux-gnu/crti.o] ==> ignore
    arg [/usr/lib/gcc/x86_64-linux-gnu/5/crtbegin.o] ==> ignore
    arg [-L/usr/lib/gcc/x86_64-linux-gnu/5] ==> dir [/usr/lib/gcc/x86_64-linux-gnu/5]
    arg [-L/usr/lib/gcc/x86_64-linux-gnu/5/../../../x86_64-linux-gnu] ==> dir [/usr/lib/gcc/x86_64-linux-gnu/5/../../../x86_64-linux-gnu]
    arg [-L/usr/lib/gcc/x86_64-linux-gnu/5/../../../../lib] ==> dir [/usr/lib/gcc/x86_64-linux-gnu/5/../../../../lib]
    arg [-L/lib/x86_64-linux-gnu] ==> dir [/lib/x86_64-linux-gnu]
    arg [-L/lib/../lib] ==> dir [/lib/../lib]
    arg [-L/usr/lib/x86_64-linux-gnu] ==> dir [/usr/lib/x86_64-linux-gnu]
    arg [-L/usr/lib/../lib] ==> dir [/usr/lib/../lib]
    arg [-L/usr/lib/gcc/x86_64-linux-gnu/5/../../..] ==> dir [/usr/lib/gcc/x86_64-linux-gnu/5/../../..]
    arg [CMakeFiles/cmTC_0d3b2.dir/CMakeCXXCompilerABI.cpp.o] ==> ignore
    arg [-lstdc++] ==> lib [stdc++]
    arg [-lm] ==> lib [m]
    arg [-lgcc_s] ==> lib [gcc_s]
    arg [-lgcc] ==> lib [gcc]
    arg [-lc] ==> lib [c]
    arg [-lgcc_s] ==> lib [gcc_s]
    arg [-lgcc] ==> lib [gcc]
    arg [/usr/lib/gcc/x86_64-linux-gnu/5/crtend.o] ==> ignore
    arg [/usr/lib/gcc/x86_64-linux-gnu/5/../../../x86_64-linux-gnu/crtn.o] ==> ignore
  collapse library dir [/usr/lib/gcc/x86_64-linux-gnu/5] ==> [/usr/lib/gcc/x86_64-linux-gnu/5]
  collapse library dir [/usr/lib/gcc/x86_64-linux-gnu/5/../../../x86_64-linux-gnu] ==> [/usr/lib/x86_64-linux-gnu]
  collapse library dir [/usr/lib/gcc/x86_64-linux-gnu/5/../../../../lib] ==> [/usr/lib]
  collapse library dir [/lib/x86_64-linux-gnu] ==> [/lib/x86_64-linux-gnu]
  collapse library dir [/lib/../lib] ==> [/lib]
  collapse library dir [/usr/lib/x86_64-linux-gnu] ==> [/usr/lib/x86_64-linux-gnu]
  collapse library dir [/usr/lib/../lib] ==> [/usr/lib]
  collapse library dir [/usr/lib/gcc/x86_64-linux-gnu/5/../../..] ==> [/usr/lib]
  implicit libs: [stdc++;m;gcc_s;gcc;c;gcc_s;gcc]
  implicit dirs: [/usr/lib/gcc/x86_64-linux-gnu/5;/usr/lib/x86_64-linux-gnu;/usr/lib;/lib/x86_64-linux-gnu;/lib]
  implicit fwks: []


Determining if the include file pthread.h exists passed with the following output:
Change Dir: /home/yankai.yan/workbase/codeLib/refactor/build/CMakeFiles/CMakeTmp

Run Build Command(s):/usr/bin/make cmTC_642c2/fast && /usr/bin/make  -f CMakeFiles/cmTC_642c2.dir/build.make CMakeFiles/cmTC_642c2.dir/build
make[1]: Entering directory '/home/yankai.yan/workbase/codeLib/refactor/build/CMakeFiles/CMakeTmp'
Building C object CMakeFiles/cmTC_642c2.dir/CheckIncludeFile.c.o
/usr/bin/cc   -fpic  -o CMakeFiles/cmTC_642c2.dir/CheckIncludeFile.c.o -c /home/yankai.yan/workbase/codeLib/refactor/build/CMakeFiles/CMakeTmp/CheckIncludeFile.c
Linking C executable cmTC_642c2
/usr/local/bin/cmake -E cmake_link_script CMakeFiles/cmTC_642c2.dir/link.txt --verbose=1
/usr/bin/cc  -fpic  -rdynamic CMakeFiles/cmTC_642c2.dir/CheckIncludeFile.c.o -o cmTC_642c2 
make[1]: Leaving directory '/home/yankai.yan/workbase/codeLib/refactor/build/CMakeFiles/CMakeTmp'



Determining if the function pthread_create exists in the pthread passed with the following output:
Change Dir: /home/yankai.yan/workbase/codeLib/refactor/build/CMakeFiles/CMakeTmp

Run Build Command(s):/usr/bin/make cmTC_e5ce6/fast && /usr/bin/make  -f CMakeFiles/cmTC_e5ce6.dir/build.make CMakeFiles/cmTC_e5ce6.dir/build
make[1]: Entering directory '/home/yankai.yan/workbase/codeLib/refactor/build/CMakeFiles/CMakeTmp'
Building C object CMakeFiles/cmTC_e5ce6.dir/CheckFunctionExists.c.o
/usr/bin/cc   -fpic -DCHECK_FUNCTION_EXISTS=pthread_create -o CMakeFiles/cmTC_e5ce6.dir/CheckFunctionExists.c.o -c /usr/local/share/cmake-3.19/Modules/CheckFunctionExists.c
Linking C executable cmTC_e5ce6
/usr/local/bin/cmake -E cmake_link_script CMakeFiles/cmTC_e5ce6.dir/link.txt --verbose=1
/usr/bin/cc  -fpic -DCHECK_FUNCTION_EXISTS=pthread_create -rdynamic CMakeFiles/cmTC_e5ce6.dir/CheckFunctionExists.c.o -o cmTC_e5ce6  -lpthread 
make[1]: Leaving directory '/home/yankai.yan/workbase/codeLib/refactor/build/CMakeFiles/CMakeTmp'



Determining if the include file dlfcn.h exists passed with the following output:
Change Dir: /home/yankai.yan/workbase/codeLib/refactor/build/CMakeFiles/CMakeTmp

Run Build Command(s):/usr/bin/make cmTC_ca224/fast && /usr/bin/make  -f CMakeFiles/cmTC_ca224.dir/build.make CMakeFiles/cmTC_ca224.dir/build
make[1]: Entering directory '/home/yankai.yan/workbase/codeLib/refactor/build/CMakeFiles/CMakeTmp'
Building C object CMakeFiles/cmTC_ca224.dir/CheckIncludeFile.c.o
/usr/bin/cc   -fpic  -o CMakeFiles/cmTC_ca224.dir/CheckIncludeFile.c.o -c /home/yankai.yan/workbase/codeLib/refactor/build/CMakeFiles/CMakeTmp/CheckIncludeFile.c
Linking C executable cmTC_ca224
/usr/local/bin/cmake -E cmake_link_script CMakeFiles/cmTC_ca224.dir/link.txt --verbose=1
/usr/bin/cc  -fpic  -rdynamic CMakeFiles/cmTC_ca224.dir/CheckIncludeFile.c.o -o cmTC_ca224 
make[1]: Leaving directory '/home/yankai.yan/workbase/codeLib/refactor/build/CMakeFiles/CMakeTmp'



Determining if the include file execinfo.h exists passed with the following output:
Change Dir: /home/yankai.yan/workbase/codeLib/refactor/build/CMakeFiles/CMakeTmp

Run Build Command(s):/usr/bin/make cmTC_e70a4/fast && /usr/bin/make  -f CMakeFiles/cmTC_e70a4.dir/build.make CMakeFiles/cmTC_e70a4.dir/build
make[1]: Entering directory '/home/yankai.yan/workbase/codeLib/refactor/build/CMakeFiles/CMakeTmp'
Building C object CMakeFiles/cmTC_e70a4.dir/CheckIncludeFile.c.o
/usr/bin/cc   -fpic  -o CMakeFiles/cmTC_e70a4.dir/CheckIncludeFile.c.o -c /home/yankai.yan/workbase/codeLib/refactor/build/CMakeFiles/CMakeTmp/CheckIncludeFile.c
Linking C executable cmTC_e70a4
/usr/local/bin/cmake -E cmake_link_script CMakeFiles/cmTC_e70a4.dir/link.txt --verbose=1
/usr/bin/cc  -fpic  -rdynamic CMakeFiles/cmTC_e70a4.dir/CheckIncludeFile.c.o -o cmTC_e70a4 
make[1]: Leaving directory '/home/yankai.yan/workbase/codeLib/refactor/build/CMakeFiles/CMakeTmp'



Determining if the include file glob.h exists passed with the following output:
Change Dir: /home/yankai.yan/workbase/codeLib/refactor/build/CMakeFiles/CMakeTmp

Run Build Command(s):/usr/bin/make cmTC_e6774/fast && /usr/bin/make  -f CMakeFiles/cmTC_e6774.dir/build.make CMakeFiles/cmTC_e6774.dir/build
make[1]: Entering directory '/home/yankai.yan/workbase/codeLib/refactor/build/CMakeFiles/CMakeTmp'
Building C object CMakeFiles/cmTC_e6774.dir/CheckIncludeFile.c.o
/usr/bin/cc   -fpic  -o CMakeFiles/cmTC_e6774.dir/CheckIncludeFile.c.o -c /home/yankai.yan/workbase/codeLib/refactor/build/CMakeFiles/CMakeTmp/CheckIncludeFile.c
Linking C executable cmTC_e6774
/usr/local/bin/cmake -E cmake_link_script CMakeFiles/cmTC_e6774.dir/link.txt --verbose=1
/usr/bin/cc  -fpic  -rdynamic CMakeFiles/cmTC_e6774.dir/CheckIncludeFile.c.o -o cmTC_e6774 
make[1]: Leaving directory '/home/yankai.yan/workbase/codeLib/refactor/build/CMakeFiles/CMakeTmp'



Determining if the include file inttypes.h exists passed with the following output:
Change Dir: /home/yankai.yan/workbase/codeLib/refactor/build/CMakeFiles/CMakeTmp

Run Build Command(s):/usr/bin/make cmTC_ac956/fast && /usr/bin/make  -f CMakeFiles/cmTC_ac956.dir/build.make CMakeFiles/cmTC_ac956.dir/build
make[1]: Entering directory '/home/yankai.yan/workbase/codeLib/refactor/build/CMakeFiles/CMakeTmp'
Building C object CMakeFiles/cmTC_ac956.dir/CheckIncludeFile.c.o
/usr/bin/cc   -fpic  -o CMakeFiles/cmTC_ac956.dir/CheckIncludeFile.c.o -c /home/yankai.yan/workbase/codeLib/refactor/build/CMakeFiles/CMakeTmp/CheckIncludeFile.c
Linking C executable cmTC_ac956
/usr/local/bin/cmake -E cmake_link_script CMakeFiles/cmTC_ac956.dir/link.txt --verbose=1
/usr/bin/cc  -fpic  -rdynamic CMakeFiles/cmTC_ac956.dir/CheckIncludeFile.c.o -o cmTC_ac956 
make[1]: Leaving directory '/home/yankai.yan/workbase/codeLib/refactor/build/CMakeFiles/CMakeTmp'



Determining if the include file memory.h exists passed with the following output:
Change Dir: /home/yankai.yan/workbase/codeLib/refactor/build/CMakeFiles/CMakeTmp

Run Build Command(s):/usr/bin/make cmTC_494ea/fast && /usr/bin/make  -f CMakeFiles/cmTC_494ea.dir/build.make CMakeFiles/cmTC_494ea.dir/build
make[1]: Entering directory '/home/yankai.yan/workbase/codeLib/refactor/build/CMakeFiles/CMakeTmp'
Building C object CMakeFiles/cmTC_494ea.dir/CheckIncludeFile.c.o
/usr/bin/cc   -fpic  -o CMakeFiles/cmTC_494ea.dir/CheckIncludeFile.c.o -c /home/yankai.yan/workbase/codeLib/refactor/build/CMakeFiles/CMakeTmp/CheckIncludeFile.c
Linking C executable cmTC_494ea
/usr/local/bin/cmake -E cmake_link_script CMakeFiles/cmTC_494ea.dir/link.txt --verbose=1
/usr/bin/cc  -fpic  -rdynamic CMakeFiles/cmTC_494ea.dir/CheckIncludeFile.c.o -o cmTC_494ea 
make[1]: Leaving directory '/home/yankai.yan/workbase/codeLib/refactor/build/CMakeFiles/CMakeTmp'



Determining if the include file pwd.h exists passed with the following output:
Change Dir: /home/yankai.yan/workbase/codeLib/refactor/build/CMakeFiles/CMakeTmp

Run Build Command(s):/usr/bin/make cmTC_b87b7/fast && /usr/bin/make  -f CMakeFiles/cmTC_b87b7.dir/build.make CMakeFiles/cmTC_b87b7.dir/build
make[1]: Entering directory '/home/yankai.yan/workbase/codeLib/refactor/build/CMakeFiles/CMakeTmp'
Building C object CMakeFiles/cmTC_b87b7.dir/CheckIncludeFile.c.o
/usr/bin/cc   -fpic  -o CMakeFiles/cmTC_b87b7.dir/CheckIncludeFile.c.o -c /home/yankai.yan/workbase/codeLib/refactor/build/CMakeFiles/CMakeTmp/CheckIncludeFile.c
Linking C executable cmTC_b87b7
/usr/local/bin/cmake -E cmake_link_script CMakeFiles/cmTC_b87b7.dir/link.txt --verbose=1
/usr/bin/cc  -fpic  -rdynamic CMakeFiles/cmTC_b87b7.dir/CheckIncludeFile.c.o -o cmTC_b87b7 
make[1]: Leaving directory '/home/yankai.yan/workbase/codeLib/refactor/build/CMakeFiles/CMakeTmp'



Determining if the include file stdint.h exists passed with the following output:
Change Dir: /home/yankai.yan/workbase/codeLib/refactor/build/CMakeFiles/CMakeTmp

Run Build Command(s):/usr/bin/make cmTC_ce189/fast && /usr/bin/make  -f CMakeFiles/cmTC_ce189.dir/build.make CMakeFiles/cmTC_ce189.dir/build
make[1]: Entering directory '/home/yankai.yan/workbase/codeLib/refactor/build/CMakeFiles/CMakeTmp'
Building C object CMakeFiles/cmTC_ce189.dir/CheckIncludeFile.c.o
/usr/bin/cc   -fpic  -o CMakeFiles/cmTC_ce189.dir/CheckIncludeFile.c.o -c /home/yankai.yan/workbase/codeLib/refactor/build/CMakeFiles/CMakeTmp/CheckIncludeFile.c
Linking C executable cmTC_ce189
/usr/local/bin/cmake -E cmake_link_script CMakeFiles/cmTC_ce189.dir/link.txt --verbose=1
/usr/bin/cc  -fpic  -rdynamic CMakeFiles/cmTC_ce189.dir/CheckIncludeFile.c.o -o cmTC_ce189 
make[1]: Leaving directory '/home/yankai.yan/workbase/codeLib/refactor/build/CMakeFiles/CMakeTmp'



Determining if the include file stdlib.h exists passed with the following output:
Change Dir: /home/yankai.yan/workbase/codeLib/refactor/build/CMakeFiles/CMakeTmp

Run Build Command(s):/usr/bin/make cmTC_eac63/fast && /usr/bin/make  -f CMakeFiles/cmTC_eac63.dir/build.make CMakeFiles/cmTC_eac63.dir/build
make[1]: Entering directory '/home/yankai.yan/workbase/codeLib/refactor/build/CMakeFiles/CMakeTmp'
Building C object CMakeFiles/cmTC_eac63.dir/CheckIncludeFile.c.o
/usr/bin/cc   -fpic  -o CMakeFiles/cmTC_eac63.dir/CheckIncludeFile.c.o -c /home/yankai.yan/workbase/codeLib/refactor/build/CMakeFiles/CMakeTmp/CheckIncludeFile.c
Linking C executable cmTC_eac63
/usr/local/bin/cmake -E cmake_link_script CMakeFiles/cmTC_eac63.dir/link.txt --verbose=1
/usr/bin/cc  -fpic  -rdynamic CMakeFiles/cmTC_eac63.dir/CheckIncludeFile.c.o -o cmTC_eac63 
make[1]: Leaving directory '/home/yankai.yan/workbase/codeLib/refactor/build/CMakeFiles/CMakeTmp'



Determining if the include file string.h exists passed with the following output:
Change Dir: /home/yankai.yan/workbase/codeLib/refactor/build/CMakeFiles/CMakeTmp

Run Build Command(s):/usr/bin/make cmTC_65580/fast && /usr/bin/make  -f CMakeFiles/cmTC_65580.dir/build.make CMakeFiles/cmTC_65580.dir/build
make[1]: Entering directory '/home/yankai.yan/workbase/codeLib/refactor/build/CMakeFiles/CMakeTmp'
Building C object CMakeFiles/cmTC_65580.dir/CheckIncludeFile.c.o
/usr/bin/cc   -fpic  -o CMakeFiles/cmTC_65580.dir/CheckIncludeFile.c.o -c /home/yankai.yan/workbase/codeLib/refactor/build/CMakeFiles/CMakeTmp/CheckIncludeFile.c
Linking C executable cmTC_65580
/usr/local/bin/cmake -E cmake_link_script CMakeFiles/cmTC_65580.dir/link.txt --verbose=1
/usr/bin/cc  -fpic  -rdynamic CMakeFiles/cmTC_65580.dir/CheckIncludeFile.c.o -o cmTC_65580 
make[1]: Leaving directory '/home/yankai.yan/workbase/codeLib/refactor/build/CMakeFiles/CMakeTmp'



Determining if the include file strings.h exists passed with the following output:
Change Dir: /home/yankai.yan/workbase/codeLib/refactor/build/CMakeFiles/CMakeTmp

Run Build Command(s):/usr/bin/make cmTC_4881b/fast && /usr/bin/make  -f CMakeFiles/cmTC_4881b.dir/build.make CMakeFiles/cmTC_4881b.dir/build
make[1]: Entering directory '/home/yankai.yan/workbase/codeLib/refactor/build/CMakeFiles/CMakeTmp'
Building C object CMakeFiles/cmTC_4881b.dir/CheckIncludeFile.c.o
/usr/bin/cc   -fpic  -o CMakeFiles/cmTC_4881b.dir/CheckIncludeFile.c.o -c /home/yankai.yan/workbase/codeLib/refactor/build/CMakeFiles/CMakeTmp/CheckIncludeFile.c
Linking C executable cmTC_4881b
/usr/local/bin/cmake -E cmake_link_script CMakeFiles/cmTC_4881b.dir/link.txt --verbose=1
/usr/bin/cc  -fpic  -rdynamic CMakeFiles/cmTC_4881b.dir/CheckIncludeFile.c.o -o cmTC_4881b 
make[1]: Leaving directory '/home/yankai.yan/workbase/codeLib/refactor/build/CMakeFiles/CMakeTmp'



Determining if the include file sys/stat.h exists passed with the following output:
Change Dir: /home/yankai.yan/workbase/codeLib/refactor/build/CMakeFiles/CMakeTmp

Run Build Command(s):/usr/bin/make cmTC_276ae/fast && /usr/bin/make  -f CMakeFiles/cmTC_276ae.dir/build.make CMakeFiles/cmTC_276ae.dir/build
make[1]: Entering directory '/home/yankai.yan/workbase/codeLib/refactor/build/CMakeFiles/CMakeTmp'
Building C object CMakeFiles/cmTC_276ae.dir/CheckIncludeFile.c.o
/usr/bin/cc   -fpic  -o CMakeFiles/cmTC_276ae.dir/CheckIncludeFile.c.o -c /home/yankai.yan/workbase/codeLib/refactor/build/CMakeFiles/CMakeTmp/CheckIncludeFile.c
Linking C executable cmTC_276ae
/usr/local/bin/cmake -E cmake_link_script CMakeFiles/cmTC_276ae.dir/link.txt --verbose=1
/usr/bin/cc  -fpic  -rdynamic CMakeFiles/cmTC_276ae.dir/CheckIncludeFile.c.o -o cmTC_276ae 
make[1]: Leaving directory '/home/yankai.yan/workbase/codeLib/refactor/build/CMakeFiles/CMakeTmp'



Determining if the include file sys/syscall.h exists passed with the following output:
Change Dir: /home/yankai.yan/workbase/codeLib/refactor/build/CMakeFiles/CMakeTmp

Run Build Command(s):/usr/bin/make cmTC_85a8e/fast && /usr/bin/make  -f CMakeFiles/cmTC_85a8e.dir/build.make CMakeFiles/cmTC_85a8e.dir/build
make[1]: Entering directory '/home/yankai.yan/workbase/codeLib/refactor/build/CMakeFiles/CMakeTmp'
Building C object CMakeFiles/cmTC_85a8e.dir/CheckIncludeFile.c.o
/usr/bin/cc   -fpic  -o CMakeFiles/cmTC_85a8e.dir/CheckIncludeFile.c.o -c /home/yankai.yan/workbase/codeLib/refactor/build/CMakeFiles/CMakeTmp/CheckIncludeFile.c
Linking C executable cmTC_85a8e
/usr/local/bin/cmake -E cmake_link_script CMakeFiles/cmTC_85a8e.dir/link.txt --verbose=1
/usr/bin/cc  -fpic  -rdynamic CMakeFiles/cmTC_85a8e.dir/CheckIncludeFile.c.o -o cmTC_85a8e 
make[1]: Leaving directory '/home/yankai.yan/workbase/codeLib/refactor/build/CMakeFiles/CMakeTmp'



Determining if the include file sys/time.h exists passed with the following output:
Change Dir: /home/yankai.yan/workbase/codeLib/refactor/build/CMakeFiles/CMakeTmp

Run Build Command(s):/usr/bin/make cmTC_4d474/fast && /usr/bin/make  -f CMakeFiles/cmTC_4d474.dir/build.make CMakeFiles/cmTC_4d474.dir/build
make[1]: Entering directory '/home/yankai.yan/workbase/codeLib/refactor/build/CMakeFiles/CMakeTmp'
Building C object CMakeFiles/cmTC_4d474.dir/CheckIncludeFile.c.o
/usr/bin/cc   -fpic  -o CMakeFiles/cmTC_4d474.dir/CheckIncludeFile.c.o -c /home/yankai.yan/workbase/codeLib/refactor/build/CMakeFiles/CMakeTmp/CheckIncludeFile.c
Linking C executable cmTC_4d474
/usr/local/bin/cmake -E cmake_link_script CMakeFiles/cmTC_4d474.dir/link.txt --verbose=1
/usr/bin/cc  -fpic  -rdynamic CMakeFiles/cmTC_4d474.dir/CheckIncludeFile.c.o -o cmTC_4d474 
make[1]: Leaving directory '/home/yankai.yan/workbase/codeLib/refactor/build/CMakeFiles/CMakeTmp'



Determining if the include file sys/types.h exists passed with the following output:
Change Dir: /home/yankai.yan/workbase/codeLib/refactor/build/CMakeFiles/CMakeTmp

Run Build Command(s):/usr/bin/make cmTC_0db2d/fast && /usr/bin/make  -f CMakeFiles/cmTC_0db2d.dir/build.make CMakeFiles/cmTC_0db2d.dir/build
make[1]: Entering directory '/home/yankai.yan/workbase/codeLib/refactor/build/CMakeFiles/CMakeTmp'
Building C object CMakeFiles/cmTC_0db2d.dir/CheckIncludeFile.c.o
/usr/bin/cc   -fpic  -o CMakeFiles/cmTC_0db2d.dir/CheckIncludeFile.c.o -c /home/yankai.yan/workbase/codeLib/refactor/build/CMakeFiles/CMakeTmp/CheckIncludeFile.c
Linking C executable cmTC_0db2d
/usr/local/bin/cmake -E cmake_link_script CMakeFiles/cmTC_0db2d.dir/link.txt --verbose=1
/usr/bin/cc  -fpic  -rdynamic CMakeFiles/cmTC_0db2d.dir/CheckIncludeFile.c.o -o cmTC_0db2d 
make[1]: Leaving directory '/home/yankai.yan/workbase/codeLib/refactor/build/CMakeFiles/CMakeTmp'



Determining if the include file sys/utsname.h exists passed with the following output:
Change Dir: /home/yankai.yan/workbase/codeLib/refactor/build/CMakeFiles/CMakeTmp

Run Build Command(s):/usr/bin/make cmTC_5cff2/fast && /usr/bin/make  -f CMakeFiles/cmTC_5cff2.dir/build.make CMakeFiles/cmTC_5cff2.dir/build
make[1]: Entering directory '/home/yankai.yan/workbase/codeLib/refactor/build/CMakeFiles/CMakeTmp'
Building C object CMakeFiles/cmTC_5cff2.dir/CheckIncludeFile.c.o
/usr/bin/cc   -fpic  -o CMakeFiles/cmTC_5cff2.dir/CheckIncludeFile.c.o -c /home/yankai.yan/workbase/codeLib/refactor/build/CMakeFiles/CMakeTmp/CheckIncludeFile.c
Linking C executable cmTC_5cff2
/usr/local/bin/cmake -E cmake_link_script CMakeFiles/cmTC_5cff2.dir/link.txt --verbose=1
/usr/bin/cc  -fpic  -rdynamic CMakeFiles/cmTC_5cff2.dir/CheckIncludeFile.c.o -o cmTC_5cff2 
make[1]: Leaving directory '/home/yankai.yan/workbase/codeLib/refactor/build/CMakeFiles/CMakeTmp'



Determining if the include file sys/wait.h exists passed with the following output:
Change Dir: /home/yankai.yan/workbase/codeLib/refactor/build/CMakeFiles/CMakeTmp

Run Build Command(s):/usr/bin/make cmTC_2b8b9/fast && /usr/bin/make  -f CMakeFiles/cmTC_2b8b9.dir/build.make CMakeFiles/cmTC_2b8b9.dir/build
make[1]: Entering directory '/home/yankai.yan/workbase/codeLib/refactor/build/CMakeFiles/CMakeTmp'
Building C object CMakeFiles/cmTC_2b8b9.dir/CheckIncludeFile.c.o
/usr/bin/cc   -fpic  -o CMakeFiles/cmTC_2b8b9.dir/CheckIncludeFile.c.o -c /home/yankai.yan/workbase/codeLib/refactor/build/CMakeFiles/CMakeTmp/CheckIncludeFile.c
Linking C executable cmTC_2b8b9
/usr/local/bin/cmake -E cmake_link_script CMakeFiles/cmTC_2b8b9.dir/link.txt --verbose=1
/usr/bin/cc  -fpic  -rdynamic CMakeFiles/cmTC_2b8b9.dir/CheckIncludeFile.c.o -o cmTC_2b8b9 
make[1]: Leaving directory '/home/yankai.yan/workbase/codeLib/refactor/build/CMakeFiles/CMakeTmp'



Determining if the include file syscall.h exists passed with the following output:
Change Dir: /home/yankai.yan/workbase/codeLib/refactor/build/CMakeFiles/CMakeTmp

Run Build Command(s):/usr/bin/make cmTC_ca1ec/fast && /usr/bin/make  -f CMakeFiles/cmTC_ca1ec.dir/build.make CMakeFiles/cmTC_ca1ec.dir/build
make[1]: Entering directory '/home/yankai.yan/workbase/codeLib/refactor/build/CMakeFiles/CMakeTmp'
Building C object CMakeFiles/cmTC_ca1ec.dir/CheckIncludeFile.c.o
/usr/bin/cc   -fpic  -o CMakeFiles/cmTC_ca1ec.dir/CheckIncludeFile.c.o -c /home/yankai.yan/workbase/codeLib/refactor/build/CMakeFiles/CMakeTmp/CheckIncludeFile.c
Linking C executable cmTC_ca1ec
/usr/local/bin/cmake -E cmake_link_script CMakeFiles/cmTC_ca1ec.dir/link.txt --verbose=1
/usr/bin/cc  -fpic  -rdynamic CMakeFiles/cmTC_ca1ec.dir/CheckIncludeFile.c.o -o cmTC_ca1ec 
make[1]: Leaving directory '/home/yankai.yan/workbase/codeLib/refactor/build/CMakeFiles/CMakeTmp'



Determining if the include file syslog.h exists passed with the following output:
Change Dir: /home/yankai.yan/workbase/codeLib/refactor/build/CMakeFiles/CMakeTmp

Run Build Command(s):/usr/bin/make cmTC_e9818/fast && /usr/bin/make  -f CMakeFiles/cmTC_e9818.dir/build.make CMakeFiles/cmTC_e9818.dir/build
make[1]: Entering directory '/home/yankai.yan/workbase/codeLib/refactor/build/CMakeFiles/CMakeTmp'
Building C object CMakeFiles/cmTC_e9818.dir/CheckIncludeFile.c.o
/usr/bin/cc   -fpic  -o CMakeFiles/cmTC_e9818.dir/CheckIncludeFile.c.o -c /home/yankai.yan/workbase/codeLib/refactor/build/CMakeFiles/CMakeTmp/CheckIncludeFile.c
Linking C executable cmTC_e9818
/usr/local/bin/cmake -E cmake_link_script CMakeFiles/cmTC_e9818.dir/link.txt --verbose=1
/usr/bin/cc  -fpic  -rdynamic CMakeFiles/cmTC_e9818.dir/CheckIncludeFile.c.o -o cmTC_e9818 
make[1]: Leaving directory '/home/yankai.yan/workbase/codeLib/refactor/build/CMakeFiles/CMakeTmp'



Determining if the include file ucontext.h exists passed with the following output:
Change Dir: /home/yankai.yan/workbase/codeLib/refactor/build/CMakeFiles/CMakeTmp

Run Build Command(s):/usr/bin/make cmTC_7ecf3/fast && /usr/bin/make  -f CMakeFiles/cmTC_7ecf3.dir/build.make CMakeFiles/cmTC_7ecf3.dir/build
make[1]: Entering directory '/home/yankai.yan/workbase/codeLib/refactor/build/CMakeFiles/CMakeTmp'
Building C object CMakeFiles/cmTC_7ecf3.dir/CheckIncludeFile.c.o
/usr/bin/cc   -fpic  -o CMakeFiles/cmTC_7ecf3.dir/CheckIncludeFile.c.o -c /home/yankai.yan/workbase/codeLib/refactor/build/CMakeFiles/CMakeTmp/CheckIncludeFile.c
Linking C executable cmTC_7ecf3
/usr/local/bin/cmake -E cmake_link_script CMakeFiles/cmTC_7ecf3.dir/link.txt --verbose=1
/usr/bin/cc  -fpic  -rdynamic CMakeFiles/cmTC_7ecf3.dir/CheckIncludeFile.c.o -o cmTC_7ecf3 
make[1]: Leaving directory '/home/yankai.yan/workbase/codeLib/refactor/build/CMakeFiles/CMakeTmp'



Determining if the include file unistd.h exists passed with the following output:
Change Dir: /home/yankai.yan/workbase/codeLib/refactor/build/CMakeFiles/CMakeTmp

Run Build Command(s):/usr/bin/make cmTC_2f742/fast && /usr/bin/make  -f CMakeFiles/cmTC_2f742.dir/build.make CMakeFiles/cmTC_2f742.dir/build
make[1]: Entering directory '/home/yankai.yan/workbase/codeLib/refactor/build/CMakeFiles/CMakeTmp'
Building C object CMakeFiles/cmTC_2f742.dir/CheckIncludeFile.c.o
/usr/bin/cc   -fpic  -o CMakeFiles/cmTC_2f742.dir/CheckIncludeFile.c.o -c /home/yankai.yan/workbase/codeLib/refactor/build/CMakeFiles/CMakeTmp/CheckIncludeFile.c
Linking C executable cmTC_2f742
/usr/local/bin/cmake -E cmake_link_script CMakeFiles/cmTC_2f742.dir/link.txt --verbose=1
/usr/bin/cc  -fpic  -rdynamic CMakeFiles/cmTC_2f742.dir/CheckIncludeFile.c.o -o cmTC_2f742 
make[1]: Leaving directory '/home/yankai.yan/workbase/codeLib/refactor/build/CMakeFiles/CMakeTmp'



Determining if the include file ext/hash_map exists passed with the following output:
Change Dir: /home/yankai.yan/workbase/codeLib/refactor/build/CMakeFiles/CMakeTmp

Run Build Command(s):/usr/bin/make cmTC_04f72/fast && /usr/bin/make  -f CMakeFiles/cmTC_04f72.dir/build.make CMakeFiles/cmTC_04f72.dir/build
make[1]: Entering directory '/home/yankai.yan/workbase/codeLib/refactor/build/CMakeFiles/CMakeTmp'
Building CXX object CMakeFiles/cmTC_04f72.dir/CheckIncludeFile.cxx.o
/usr/bin/c++   -fpic  -o CMakeFiles/cmTC_04f72.dir/CheckIncludeFile.cxx.o -c /home/yankai.yan/workbase/codeLib/refactor/build/CMakeFiles/CMakeTmp/CheckIncludeFile.cxx
In file included from /usr/include/c++/5/ext/hash_map:60:0,
                 from /home/yankai.yan/workbase/codeLib/refactor/build/CMakeFiles/CMakeTmp/CheckIncludeFile.cxx:1:
/usr/include/c++/5/backward/backward_warning.h:32:2: warning: #warning This file includes at least one deprecated or antiquated header which may be removed without further notice at a future date. Please use a non-deprecated interface with equivalent functionality instead. For a listing of replacement headers and interfaces, consult the file backward_warning.h. To disable this warning use -Wno-deprecated. [-Wcpp]
 #warning \
  ^
Linking CXX executable cmTC_04f72
/usr/local/bin/cmake -E cmake_link_script CMakeFiles/cmTC_04f72.dir/link.txt --verbose=1
/usr/bin/c++  -fpic  -rdynamic CMakeFiles/cmTC_04f72.dir/CheckIncludeFile.cxx.o -o cmTC_04f72 
make[1]: Leaving directory '/home/yankai.yan/workbase/codeLib/refactor/build/CMakeFiles/CMakeTmp'



Determining if the include file ext/hash_set exists passed with the following output:
Change Dir: /home/yankai.yan/workbase/codeLib/refactor/build/CMakeFiles/CMakeTmp

Run Build Command(s):/usr/bin/make cmTC_d3e3d/fast && /usr/bin/make  -f CMakeFiles/cmTC_d3e3d.dir/build.make CMakeFiles/cmTC_d3e3d.dir/build
make[1]: Entering directory '/home/yankai.yan/workbase/codeLib/refactor/build/CMakeFiles/CMakeTmp'
Building CXX object CMakeFiles/cmTC_d3e3d.dir/CheckIncludeFile.cxx.o
/usr/bin/c++   -fpic  -o CMakeFiles/cmTC_d3e3d.dir/CheckIncludeFile.cxx.o -c /home/yankai.yan/workbase/codeLib/refactor/build/CMakeFiles/CMakeTmp/CheckIncludeFile.cxx
In file included from /usr/include/c++/5/ext/hash_set:60:0,
                 from /home/yankai.yan/workbase/codeLib/refactor/build/CMakeFiles/CMakeTmp/CheckIncludeFile.cxx:1:
/usr/include/c++/5/backward/backward_warning.h:32:2: warning: #warning This file includes at least one deprecated or antiquated header which may be removed without further notice at a future date. Please use a non-deprecated interface with equivalent functionality instead. For a listing of replacement headers and interfaces, consult the file backward_warning.h. To disable this warning use -Wno-deprecated. [-Wcpp]
 #warning \
  ^
Linking CXX executable cmTC_d3e3d
/usr/local/bin/cmake -E cmake_link_script CMakeFiles/cmTC_d3e3d.dir/link.txt --verbose=1
/usr/bin/c++  -fpic  -rdynamic CMakeFiles/cmTC_d3e3d.dir/CheckIncludeFile.cxx.o -o cmTC_d3e3d 
make[1]: Leaving directory '/home/yankai.yan/workbase/codeLib/refactor/build/CMakeFiles/CMakeTmp'



Determining if the include file ext/slist exists passed with the following output:
Change Dir: /home/yankai.yan/workbase/codeLib/refactor/build/CMakeFiles/CMakeTmp

Run Build Command(s):/usr/bin/make cmTC_1fc61/fast && /usr/bin/make  -f CMakeFiles/cmTC_1fc61.dir/build.make CMakeFiles/cmTC_1fc61.dir/build
make[1]: Entering directory '/home/yankai.yan/workbase/codeLib/refactor/build/CMakeFiles/CMakeTmp'
Building CXX object CMakeFiles/cmTC_1fc61.dir/CheckIncludeFile.cxx.o
/usr/bin/c++   -fpic  -o CMakeFiles/cmTC_1fc61.dir/CheckIncludeFile.cxx.o -c /home/yankai.yan/workbase/codeLib/refactor/build/CMakeFiles/CMakeTmp/CheckIncludeFile.cxx
Linking CXX executable cmTC_1fc61
/usr/local/bin/cmake -E cmake_link_script CMakeFiles/cmTC_1fc61.dir/link.txt --verbose=1
/usr/bin/c++  -fpic  -rdynamic CMakeFiles/cmTC_1fc61.dir/CheckIncludeFile.cxx.o -o cmTC_1fc61 
make[1]: Leaving directory '/home/yankai.yan/workbase/codeLib/refactor/build/CMakeFiles/CMakeTmp'



Determining if the include file tr1/unordered_map exists passed with the following output:
Change Dir: /home/yankai.yan/workbase/codeLib/refactor/build/CMakeFiles/CMakeTmp

Run Build Command(s):/usr/bin/make cmTC_41dad/fast && /usr/bin/make  -f CMakeFiles/cmTC_41dad.dir/build.make CMakeFiles/cmTC_41dad.dir/build
make[1]: Entering directory '/home/yankai.yan/workbase/codeLib/refactor/build/CMakeFiles/CMakeTmp'
Building CXX object CMakeFiles/cmTC_41dad.dir/CheckIncludeFile.cxx.o
/usr/bin/c++   -fpic  -o CMakeFiles/cmTC_41dad.dir/CheckIncludeFile.cxx.o -c /home/yankai.yan/workbase/codeLib/refactor/build/CMakeFiles/CMakeTmp/CheckIncludeFile.cxx
Linking CXX executable cmTC_41dad
/usr/local/bin/cmake -E cmake_link_script CMakeFiles/cmTC_41dad.dir/link.txt --verbose=1
/usr/bin/c++  -fpic  -rdynamic CMakeFiles/cmTC_41dad.dir/CheckIncludeFile.cxx.o -o cmTC_41dad 
make[1]: Leaving directory '/home/yankai.yan/workbase/codeLib/refactor/build/CMakeFiles/CMakeTmp'



Determining if the include file tr1/unordered_set exists passed with the following output:
Change Dir: /home/yankai.yan/workbase/codeLib/refactor/build/CMakeFiles/CMakeTmp

Run Build Command(s):/usr/bin/make cmTC_0e5a5/fast && /usr/bin/make  -f CMakeFiles/cmTC_0e5a5.dir/build.make CMakeFiles/cmTC_0e5a5.dir/build
make[1]: Entering directory '/home/yankai.yan/workbase/codeLib/refactor/build/CMakeFiles/CMakeTmp'
Building CXX object CMakeFiles/cmTC_0e5a5.dir/CheckIncludeFile.cxx.o
/usr/bin/c++   -fpic  -o CMakeFiles/cmTC_0e5a5.dir/CheckIncludeFile.cxx.o -c /home/yankai.yan/workbase/codeLib/refactor/build/CMakeFiles/CMakeTmp/CheckIncludeFile.cxx
Linking CXX executable cmTC_0e5a5
/usr/local/bin/cmake -E cmake_link_script CMakeFiles/cmTC_0e5a5.dir/link.txt --verbose=1
/usr/bin/c++  -fpic  -rdynamic CMakeFiles/cmTC_0e5a5.dir/CheckIncludeFile.cxx.o -o cmTC_0e5a5 
make[1]: Leaving directory '/home/yankai.yan/workbase/codeLib/refactor/build/CMakeFiles/CMakeTmp'



Determining if the include file stddef.h exists passed with the following output:
Change Dir: /home/yankai.yan/workbase/codeLib/refactor/build/CMakeFiles/CMakeTmp

Run Build Command(s):/usr/bin/make cmTC_fa3af/fast && /usr/bin/make  -f CMakeFiles/cmTC_fa3af.dir/build.make CMakeFiles/cmTC_fa3af.dir/build
make[1]: Entering directory '/home/yankai.yan/workbase/codeLib/refactor/build/CMakeFiles/CMakeTmp'
Building C object CMakeFiles/cmTC_fa3af.dir/CheckIncludeFile.c.o
/usr/bin/cc   -fpic  -o CMakeFiles/cmTC_fa3af.dir/CheckIncludeFile.c.o -c /home/yankai.yan/workbase/codeLib/refactor/build/CMakeFiles/CMakeTmp/CheckIncludeFile.c
Linking C executable cmTC_fa3af
/usr/local/bin/cmake -E cmake_link_script CMakeFiles/cmTC_fa3af.dir/link.txt --verbose=1
/usr/bin/cc  -fpic  -rdynamic CMakeFiles/cmTC_fa3af.dir/CheckIncludeFile.c.o -o cmTC_fa3af 
make[1]: Leaving directory '/home/yankai.yan/workbase/codeLib/refactor/build/CMakeFiles/CMakeTmp'



Determining size of u_int16_t passed with the following output:
Change Dir: /home/yankai.yan/workbase/codeLib/refactor/build/CMakeFiles/CMakeTmp

Run Build Command(s):/usr/bin/make cmTC_1a41d/fast && /usr/bin/make  -f CMakeFiles/cmTC_1a41d.dir/build.make CMakeFiles/cmTC_1a41d.dir/build
make[1]: Entering directory '/home/yankai.yan/workbase/codeLib/refactor/build/CMakeFiles/CMakeTmp'
Building C object CMakeFiles/cmTC_1a41d.dir/HAVE_U_INT16_T.c.o
/usr/bin/cc   -fpic  -o CMakeFiles/cmTC_1a41d.dir/HAVE_U_INT16_T.c.o -c /home/yankai.yan/workbase/codeLib/refactor/build/CMakeFiles/CheckTypeSize/HAVE_U_INT16_T.c
Linking C executable cmTC_1a41d
/usr/local/bin/cmake -E cmake_link_script CMakeFiles/cmTC_1a41d.dir/link.txt --verbose=1
/usr/bin/cc  -fpic  -rdynamic CMakeFiles/cmTC_1a41d.dir/HAVE_U_INT16_T.c.o -o cmTC_1a41d 
make[1]: Leaving directory '/home/yankai.yan/workbase/codeLib/refactor/build/CMakeFiles/CMakeTmp'



Determining size of uint16_t passed with the following output:
Change Dir: /home/yankai.yan/workbase/codeLib/refactor/build/CMakeFiles/CMakeTmp

Run Build Command(s):/usr/bin/make cmTC_25b3e/fast && /usr/bin/make  -f CMakeFiles/cmTC_25b3e.dir/build.make CMakeFiles/cmTC_25b3e.dir/build
make[1]: Entering directory '/home/yankai.yan/workbase/codeLib/refactor/build/CMakeFiles/CMakeTmp'
Building C object CMakeFiles/cmTC_25b3e.dir/HAVE_UINT16_T.c.o
/usr/bin/cc   -fpic  -o CMakeFiles/cmTC_25b3e.dir/HAVE_UINT16_T.c.o -c /home/yankai.yan/workbase/codeLib/refactor/build/CMakeFiles/CheckTypeSize/HAVE_UINT16_T.c
Linking C executable cmTC_25b3e
/usr/local/bin/cmake -E cmake_link_script CMakeFiles/cmTC_25b3e.dir/link.txt --verbose=1
/usr/bin/cc  -fpic  -rdynamic CMakeFiles/cmTC_25b3e.dir/HAVE_UINT16_T.c.o -o cmTC_25b3e 
make[1]: Leaving directory '/home/yankai.yan/workbase/codeLib/refactor/build/CMakeFiles/CMakeTmp'



Determining if the function fcntl exists passed with the following output:
Change Dir: /home/yankai.yan/workbase/codeLib/refactor/build/CMakeFiles/CMakeTmp

Run Build Command(s):/usr/bin/make cmTC_7e1db/fast && /usr/bin/make  -f CMakeFiles/cmTC_7e1db.dir/build.make CMakeFiles/cmTC_7e1db.dir/build
make[1]: Entering directory '/home/yankai.yan/workbase/codeLib/refactor/build/CMakeFiles/CMakeTmp'
Building C object CMakeFiles/cmTC_7e1db.dir/CheckFunctionExists.c.o
/usr/bin/cc   -fpic -DCHECK_FUNCTION_EXISTS=fcntl -o CMakeFiles/cmTC_7e1db.dir/CheckFunctionExists.c.o -c /usr/local/share/cmake-3.19/Modules/CheckFunctionExists.c
Linking C executable cmTC_7e1db
/usr/local/bin/cmake -E cmake_link_script CMakeFiles/cmTC_7e1db.dir/link.txt --verbose=1
/usr/bin/cc  -fpic -DCHECK_FUNCTION_EXISTS=fcntl -rdynamic CMakeFiles/cmTC_7e1db.dir/CheckFunctionExists.c.o -o cmTC_7e1db 
make[1]: Leaving directory '/home/yankai.yan/workbase/codeLib/refactor/build/CMakeFiles/CMakeTmp'



Determining if the function pread exists passed with the following output:
Change Dir: /home/yankai.yan/workbase/codeLib/refactor/build/CMakeFiles/CMakeTmp

Run Build Command(s):/usr/bin/make cmTC_ea895/fast && /usr/bin/make  -f CMakeFiles/cmTC_ea895.dir/build.make CMakeFiles/cmTC_ea895.dir/build
make[1]: Entering directory '/home/yankai.yan/workbase/codeLib/refactor/build/CMakeFiles/CMakeTmp'
Building C object CMakeFiles/cmTC_ea895.dir/CheckFunctionExists.c.o
/usr/bin/cc   -fpic -DCHECK_FUNCTION_EXISTS=pread -o CMakeFiles/cmTC_ea895.dir/CheckFunctionExists.c.o -c /usr/local/share/cmake-3.19/Modules/CheckFunctionExists.c
Linking C executable cmTC_ea895
/usr/local/bin/cmake -E cmake_link_script CMakeFiles/cmTC_ea895.dir/link.txt --verbose=1
/usr/bin/cc  -fpic -DCHECK_FUNCTION_EXISTS=pread -rdynamic CMakeFiles/cmTC_ea895.dir/CheckFunctionExists.c.o -o cmTC_ea895 
make[1]: Leaving directory '/home/yankai.yan/workbase/codeLib/refactor/build/CMakeFiles/CMakeTmp'



Determining if the function pwrite exists passed with the following output:
Change Dir: /home/yankai.yan/workbase/codeLib/refactor/build/CMakeFiles/CMakeTmp

Run Build Command(s):/usr/bin/make cmTC_3b506/fast && /usr/bin/make  -f CMakeFiles/cmTC_3b506.dir/build.make CMakeFiles/cmTC_3b506.dir/build
make[1]: Entering directory '/home/yankai.yan/workbase/codeLib/refactor/build/CMakeFiles/CMakeTmp'
Building C object CMakeFiles/cmTC_3b506.dir/CheckFunctionExists.c.o
/usr/bin/cc   -fpic -DCHECK_FUNCTION_EXISTS=pwrite -o CMakeFiles/cmTC_3b506.dir/CheckFunctionExists.c.o -c /usr/local/share/cmake-3.19/Modules/CheckFunctionExists.c
Linking C executable cmTC_3b506
/usr/local/bin/cmake -E cmake_link_script CMakeFiles/cmTC_3b506.dir/link.txt --verbose=1
/usr/bin/cc  -fpic -DCHECK_FUNCTION_EXISTS=pwrite -rdynamic CMakeFiles/cmTC_3b506.dir/CheckFunctionExists.c.o -o cmTC_3b506 
make[1]: Leaving directory '/home/yankai.yan/workbase/codeLib/refactor/build/CMakeFiles/CMakeTmp'



Determining if the function sigaction exists passed with the following output:
Change Dir: /home/yankai.yan/workbase/codeLib/refactor/build/CMakeFiles/CMakeTmp

Run Build Command(s):/usr/bin/make cmTC_2b768/fast && /usr/bin/make  -f CMakeFiles/cmTC_2b768.dir/build.make CMakeFiles/cmTC_2b768.dir/build
make[1]: Entering directory '/home/yankai.yan/workbase/codeLib/refactor/build/CMakeFiles/CMakeTmp'
Building C object CMakeFiles/cmTC_2b768.dir/CheckFunctionExists.c.o
/usr/bin/cc   -fpic -DCHECK_FUNCTION_EXISTS=sigaction -o CMakeFiles/cmTC_2b768.dir/CheckFunctionExists.c.o -c /usr/local/share/cmake-3.19/Modules/CheckFunctionExists.c
Linking C executable cmTC_2b768
/usr/local/bin/cmake -E cmake_link_script CMakeFiles/cmTC_2b768.dir/link.txt --verbose=1
/usr/bin/cc  -fpic -DCHECK_FUNCTION_EXISTS=sigaction -rdynamic CMakeFiles/cmTC_2b768.dir/CheckFunctionExists.c.o -o cmTC_2b768 
make[1]: Leaving directory '/home/yankai.yan/workbase/codeLib/refactor/build/CMakeFiles/CMakeTmp'



Determining if the function sigaltstack exists passed with the following output:
Change Dir: /home/yankai.yan/workbase/codeLib/refactor/build/CMakeFiles/CMakeTmp

Run Build Command(s):/usr/bin/make cmTC_0fbff/fast && /usr/bin/make  -f CMakeFiles/cmTC_0fbff.dir/build.make CMakeFiles/cmTC_0fbff.dir/build
make[1]: Entering directory '/home/yankai.yan/workbase/codeLib/refactor/build/CMakeFiles/CMakeTmp'
Building C object CMakeFiles/cmTC_0fbff.dir/CheckFunctionExists.c.o
/usr/bin/cc   -fpic -DCHECK_FUNCTION_EXISTS=sigaltstack -o CMakeFiles/cmTC_0fbff.dir/CheckFunctionExists.c.o -c /usr/local/share/cmake-3.19/Modules/CheckFunctionExists.c
Linking C executable cmTC_0fbff
/usr/local/bin/cmake -E cmake_link_script CMakeFiles/cmTC_0fbff.dir/link.txt --verbose=1
/usr/bin/cc  -fpic -DCHECK_FUNCTION_EXISTS=sigaltstack -rdynamic CMakeFiles/cmTC_0fbff.dir/CheckFunctionExists.c.o -o cmTC_0fbff 
make[1]: Leaving directory '/home/yankai.yan/workbase/codeLib/refactor/build/CMakeFiles/CMakeTmp'



Performing C++ SOURCE FILE Test HAVE_NO_DEPRECATED succeeded with the following output:
Change Dir: /home/yankai.yan/workbase/codeLib/refactor/build/CMakeFiles/CMakeTmp

Run Build Command(s):/usr/bin/make cmTC_d7dbc/fast && /usr/bin/make  -f CMakeFiles/cmTC_d7dbc.dir/build.make CMakeFiles/cmTC_d7dbc.dir/build
make[1]: Entering directory '/home/yankai.yan/workbase/codeLib/refactor/build/CMakeFiles/CMakeTmp'
Building CXX object CMakeFiles/cmTC_d7dbc.dir/src.cxx.o
/usr/bin/c++ -DHAVE_NO_DEPRECATED  -fpic    -Wdeprecated -o CMakeFiles/cmTC_d7dbc.dir/src.cxx.o -c /home/yankai.yan/workbase/codeLib/refactor/build/CMakeFiles/CMakeTmp/src.cxx
Linking CXX executable cmTC_d7dbc
/usr/local/bin/cmake -E cmake_link_script CMakeFiles/cmTC_d7dbc.dir/link.txt --verbose=1
/usr/bin/c++  -fpic  -rdynamic CMakeFiles/cmTC_d7dbc.dir/src.cxx.o -o cmTC_d7dbc 
make[1]: Leaving directory '/home/yankai.yan/workbase/codeLib/refactor/build/CMakeFiles/CMakeTmp'


Source file was:
int main() { return 0; }
Determining if the snprintf exist passed with the following output:
Change Dir: /home/yankai.yan/workbase/codeLib/refactor/build/CMakeFiles/CMakeTmp

Run Build Command(s):/usr/bin/make cmTC_d0486/fast && /usr/bin/make  -f CMakeFiles/cmTC_d0486.dir/build.make CMakeFiles/cmTC_d0486.dir/build
make[1]: Entering directory '/home/yankai.yan/workbase/codeLib/refactor/build/CMakeFiles/CMakeTmp'
Building C object CMakeFiles/cmTC_d0486.dir/CheckSymbolExists.c.o
/usr/bin/cc   -fpic  -o CMakeFiles/cmTC_d0486.dir/CheckSymbolExists.c.o -c /home/yankai.yan/workbase/codeLib/refactor/build/CMakeFiles/CMakeTmp/CheckSymbolExists.c
Linking C executable cmTC_d0486
/usr/local/bin/cmake -E cmake_link_script CMakeFiles/cmTC_d0486.dir/link.txt --verbose=1
/usr/bin/cc  -fpic  -rdynamic CMakeFiles/cmTC_d0486.dir/CheckSymbolExists.c.o -o cmTC_d0486 
make[1]: Leaving directory '/home/yankai.yan/workbase/codeLib/refactor/build/CMakeFiles/CMakeTmp'


File /home/yankai.yan/workbase/codeLib/refactor/build/CMakeFiles/CMakeTmp/CheckSymbolExists.c:
/* */
#include <stdio.h>

int main(int argc, char** argv)
{
  (void)argv;
#ifndef snprintf
  return ((int*)(&snprintf))[argc];
#else
  (void)argc;
  return 0;
#endif
}
Performing C SOURCE FILE Test HAVE___ATTRIBUTE__ succeeded with the following output:
Change Dir: /home/yankai.yan/workbase/codeLib/refactor/build/CMakeFiles/CMakeTmp

Run Build Command(s):/usr/bin/make cmTC_505a9/fast && /usr/bin/make  -f CMakeFiles/cmTC_505a9.dir/build.make CMakeFiles/cmTC_505a9.dir/build
make[1]: Entering directory '/home/yankai.yan/workbase/codeLib/refactor/build/CMakeFiles/CMakeTmp'
Building C object CMakeFiles/cmTC_505a9.dir/src.c.o
/usr/bin/cc -DHAVE___ATTRIBUTE__  -fpic  -o CMakeFiles/cmTC_505a9.dir/src.c.o -c /home/yankai.yan/workbase/codeLib/refactor/build/CMakeFiles/CMakeTmp/src.c
Linking C executable cmTC_505a9
/usr/local/bin/cmake -E cmake_link_script CMakeFiles/cmTC_505a9.dir/link.txt --verbose=1
/usr/bin/cc  -fpic  -rdynamic CMakeFiles/cmTC_505a9.dir/src.c.o -o cmTC_505a9 
make[1]: Leaving directory '/home/yankai.yan/workbase/codeLib/refactor/build/CMakeFiles/CMakeTmp'


Source file was:

#include <stdlib.h>
static void foo(void) __attribute__ ((unused));
int main(void) { return 0; }

Performing C SOURCE FILE Test HAVE___ATTRIBUTE__VISIBILITY_DEFAULT succeeded with the following output:
Change Dir: /home/yankai.yan/workbase/codeLib/refactor/build/CMakeFiles/CMakeTmp

Run Build Command(s):/usr/bin/make cmTC_ee8d4/fast && /usr/bin/make  -f CMakeFiles/cmTC_ee8d4.dir/build.make CMakeFiles/cmTC_ee8d4.dir/build
make[1]: Entering directory '/home/yankai.yan/workbase/codeLib/refactor/build/CMakeFiles/CMakeTmp'
Building C object CMakeFiles/cmTC_ee8d4.dir/src.c.o
/usr/bin/cc -DHAVE___ATTRIBUTE__VISIBILITY_DEFAULT  -fpic  -o CMakeFiles/cmTC_ee8d4.dir/src.c.o -c /home/yankai.yan/workbase/codeLib/refactor/build/CMakeFiles/CMakeTmp/src.c
/home/yankai.yan/workbase/codeLib/refactor/build/CMakeFiles/CMakeTmp/src.c:3:1: warning: visibility attribute ignored [-Wattributes]
 static void foo(void) __attribute__ ((visibility("default")));
 ^
Linking C executable cmTC_ee8d4
/usr/local/bin/cmake -E cmake_link_script CMakeFiles/cmTC_ee8d4.dir/link.txt --verbose=1
/usr/bin/cc  -fpic  -rdynamic CMakeFiles/cmTC_ee8d4.dir/src.c.o -o cmTC_ee8d4 
make[1]: Leaving directory '/home/yankai.yan/workbase/codeLib/refactor/build/CMakeFiles/CMakeTmp'


Source file was:

#include <stdlib.h>
static void foo(void) __attribute__ ((visibility("default")));
int main(void) { return 0; }

Performing C SOURCE FILE Test HAVE___ATTRIBUTE__VISIBILITY_HIDDEN succeeded with the following output:
Change Dir: /home/yankai.yan/workbase/codeLib/refactor/build/CMakeFiles/CMakeTmp

Run Build Command(s):/usr/bin/make cmTC_b8987/fast && /usr/bin/make  -f CMakeFiles/cmTC_b8987.dir/build.make CMakeFiles/cmTC_b8987.dir/build
make[1]: Entering directory '/home/yankai.yan/workbase/codeLib/refactor/build/CMakeFiles/CMakeTmp'
Building C object CMakeFiles/cmTC_b8987.dir/src.c.o
/usr/bin/cc -DHAVE___ATTRIBUTE__VISIBILITY_HIDDEN  -fpic  -o CMakeFiles/cmTC_b8987.dir/src.c.o -c /home/yankai.yan/workbase/codeLib/refactor/build/CMakeFiles/CMakeTmp/src.c
/home/yankai.yan/workbase/codeLib/refactor/build/CMakeFiles/CMakeTmp/src.c:3:1: warning: visibility attribute ignored [-Wattributes]
 static void foo(void) __attribute__ ((visibility("hidden")));
 ^
Linking C executable cmTC_b8987
/usr/local/bin/cmake -E cmake_link_script CMakeFiles/cmTC_b8987.dir/link.txt --verbose=1
/usr/bin/cc  -fpic  -rdynamic CMakeFiles/cmTC_b8987.dir/src.c.o -o cmTC_b8987 
make[1]: Leaving directory '/home/yankai.yan/workbase/codeLib/refactor/build/CMakeFiles/CMakeTmp'


Source file was:

#include <stdlib.h>
static void foo(void) __attribute__ ((visibility("hidden")));
int main(void) { return 0; }

Performing C SOURCE FILE Test HAVE___BUILTIN_EXPECT succeeded with the following output:
Change Dir: /home/yankai.yan/workbase/codeLib/refactor/build/CMakeFiles/CMakeTmp

Run Build Command(s):/usr/bin/make cmTC_907ea/fast && /usr/bin/make  -f CMakeFiles/cmTC_907ea.dir/build.make CMakeFiles/cmTC_907ea.dir/build
make[1]: Entering directory '/home/yankai.yan/workbase/codeLib/refactor/build/CMakeFiles/CMakeTmp'
Building C object CMakeFiles/cmTC_907ea.dir/src.c.o
/usr/bin/cc -DHAVE___BUILTIN_EXPECT  -fpic  -o CMakeFiles/cmTC_907ea.dir/src.c.o -c /home/yankai.yan/workbase/codeLib/refactor/build/CMakeFiles/CMakeTmp/src.c
Linking C executable cmTC_907ea
/usr/local/bin/cmake -E cmake_link_script CMakeFiles/cmTC_907ea.dir/link.txt --verbose=1
/usr/bin/cc  -fpic  -rdynamic CMakeFiles/cmTC_907ea.dir/src.c.o -o cmTC_907ea 
make[1]: Leaving directory '/home/yankai.yan/workbase/codeLib/refactor/build/CMakeFiles/CMakeTmp'


Source file was:

int main(void) { if (__builtin_expect(0, 0)) return 1; return 0; }

Performing C SOURCE FILE Test HAVE___SYNC_VAL_COMPARE_AND_SWAP succeeded with the following output:
Change Dir: /home/yankai.yan/workbase/codeLib/refactor/build/CMakeFiles/CMakeTmp

Run Build Command(s):/usr/bin/make cmTC_8caf2/fast && /usr/bin/make  -f CMakeFiles/cmTC_8caf2.dir/build.make CMakeFiles/cmTC_8caf2.dir/build
make[1]: Entering directory '/home/yankai.yan/workbase/codeLib/refactor/build/CMakeFiles/CMakeTmp'
Building C object CMakeFiles/cmTC_8caf2.dir/src.c.o
/usr/bin/cc -DHAVE___SYNC_VAL_COMPARE_AND_SWAP  -fpic  -o CMakeFiles/cmTC_8caf2.dir/src.c.o -c /home/yankai.yan/workbase/codeLib/refactor/build/CMakeFiles/CMakeTmp/src.c
Linking C executable cmTC_8caf2
/usr/local/bin/cmake -E cmake_link_script CMakeFiles/cmTC_8caf2.dir/link.txt --verbose=1
/usr/bin/cc  -fpic  -rdynamic CMakeFiles/cmTC_8caf2.dir/src.c.o -o cmTC_8caf2 
make[1]: Leaving directory '/home/yankai.yan/workbase/codeLib/refactor/build/CMakeFiles/CMakeTmp'


Source file was:

int main(void)
{
  int a; if (__sync_val_compare_and_swap(&a, 0, 1)) return 1; return 0;
}

Performing C++ SOURCE FILE Test STL_STD_NAMESPACE succeeded with the following output:
Change Dir: /home/yankai.yan/workbase/codeLib/refactor/build/CMakeFiles/CMakeTmp

Run Build Command(s):/usr/bin/make cmTC_15a99/fast && /usr/bin/make  -f CMakeFiles/cmTC_15a99.dir/build.make CMakeFiles/cmTC_15a99.dir/build
make[1]: Entering directory '/home/yankai.yan/workbase/codeLib/refactor/build/CMakeFiles/CMakeTmp'
Building CXX object CMakeFiles/cmTC_15a99.dir/src.cxx.o
/usr/bin/c++ -DSTL_STD_NAMESPACE  -fpic  -o CMakeFiles/cmTC_15a99.dir/src.cxx.o -c /home/yankai.yan/workbase/codeLib/refactor/build/CMakeFiles/CMakeTmp/src.cxx
Linking CXX executable cmTC_15a99
/usr/local/bin/cmake -E cmake_link_script CMakeFiles/cmTC_15a99.dir/link.txt --verbose=1
/usr/bin/c++  -fpic  -rdynamic CMakeFiles/cmTC_15a99.dir/src.cxx.o -o cmTC_15a99 
make[1]: Leaving directory '/home/yankai.yan/workbase/codeLib/refactor/build/CMakeFiles/CMakeTmp'


Source file was:

#include <vector>
std::vector<int> t; int main() { }

Performing C++ SOURCE FILE Test HAVE_USING_OPERATOR succeeded with the following output:
Change Dir: /home/yankai.yan/workbase/codeLib/refactor/build/CMakeFiles/CMakeTmp

Run Build Command(s):/usr/bin/make cmTC_a0b48/fast && /usr/bin/make  -f CMakeFiles/cmTC_a0b48.dir/build.make CMakeFiles/cmTC_a0b48.dir/build
make[1]: Entering directory '/home/yankai.yan/workbase/codeLib/refactor/build/CMakeFiles/CMakeTmp'
Building CXX object CMakeFiles/cmTC_a0b48.dir/src.cxx.o
/usr/bin/c++ -DHAVE_USING_OPERATOR  -fpic  -o CMakeFiles/cmTC_a0b48.dir/src.cxx.o -c /home/yankai.yan/workbase/codeLib/refactor/build/CMakeFiles/CMakeTmp/src.cxx
Linking CXX executable cmTC_a0b48
/usr/local/bin/cmake -E cmake_link_script CMakeFiles/cmTC_a0b48.dir/link.txt --verbose=1
/usr/bin/c++  -fpic  -rdynamic CMakeFiles/cmTC_a0b48.dir/src.cxx.o -o cmTC_a0b48 
make[1]: Leaving directory '/home/yankai.yan/workbase/codeLib/refactor/build/CMakeFiles/CMakeTmp'


Source file was:

#include <iostream>
std::ostream& operator<<(std::ostream&, struct s);
using ::operator<<;
int main() { }

Performing C++ SOURCE FILE Test HAVE_NAMESPACES succeeded with the following output:
Change Dir: /home/yankai.yan/workbase/codeLib/refactor/build/CMakeFiles/CMakeTmp

Run Build Command(s):/usr/bin/make cmTC_8c88b/fast && /usr/bin/make  -f CMakeFiles/cmTC_8c88b.dir/build.make CMakeFiles/cmTC_8c88b.dir/build
make[1]: Entering directory '/home/yankai.yan/workbase/codeLib/refactor/build/CMakeFiles/CMakeTmp'
Building CXX object CMakeFiles/cmTC_8c88b.dir/src.cxx.o
/usr/bin/c++ -DHAVE_NAMESPACES  -fpic  -o CMakeFiles/cmTC_8c88b.dir/src.cxx.o -c /home/yankai.yan/workbase/codeLib/refactor/build/CMakeFiles/CMakeTmp/src.cxx
Linking CXX executable cmTC_8c88b
/usr/local/bin/cmake -E cmake_link_script CMakeFiles/cmTC_8c88b.dir/link.txt --verbose=1
/usr/bin/c++  -fpic  -rdynamic CMakeFiles/cmTC_8c88b.dir/src.cxx.o -o cmTC_8c88b 
make[1]: Leaving directory '/home/yankai.yan/workbase/codeLib/refactor/build/CMakeFiles/CMakeTmp'


Source file was:

namespace Outer { namespace Inner { int i = 0; }}
using namespace Outer::Inner;;
int main() { return i; }

Performing C++ SOURCE FILE Test HAVE_GCC_TLS succeeded with the following output:
Change Dir: /home/yankai.yan/workbase/codeLib/refactor/build/CMakeFiles/CMakeTmp

Run Build Command(s):/usr/bin/make cmTC_aa310/fast && /usr/bin/make  -f CMakeFiles/cmTC_aa310.dir/build.make CMakeFiles/cmTC_aa310.dir/build
make[1]: Entering directory '/home/yankai.yan/workbase/codeLib/refactor/build/CMakeFiles/CMakeTmp'
Building CXX object CMakeFiles/cmTC_aa310.dir/src.cxx.o
/usr/bin/c++ -DHAVE_GCC_TLS  -fpic  -o CMakeFiles/cmTC_aa310.dir/src.cxx.o -c /home/yankai.yan/workbase/codeLib/refactor/build/CMakeFiles/CMakeTmp/src.cxx
Linking CXX executable cmTC_aa310
/usr/local/bin/cmake -E cmake_link_script CMakeFiles/cmTC_aa310.dir/link.txt --verbose=1
/usr/bin/c++  -fpic  -rdynamic CMakeFiles/cmTC_aa310.dir/src.cxx.o -o cmTC_aa310 
make[1]: Leaving directory '/home/yankai.yan/workbase/codeLib/refactor/build/CMakeFiles/CMakeTmp'


Source file was:

__thread int tls;
int main() { }

Performing C++ SOURCE FILE Test HAVE_LOCALTIME_R succeeded with the following output:
Change Dir: /home/yankai.yan/workbase/codeLib/refactor/build/CMakeFiles/CMakeTmp

Run Build Command(s):/usr/bin/make cmTC_a8091/fast && /usr/bin/make  -f CMakeFiles/cmTC_a8091.dir/build.make CMakeFiles/cmTC_a8091.dir/build
make[1]: Entering directory '/home/yankai.yan/workbase/codeLib/refactor/build/CMakeFiles/CMakeTmp'
Building CXX object CMakeFiles/cmTC_a8091.dir/src.cxx.o
/usr/bin/c++ -DHAVE_LOCALTIME_R  -fpic  -o CMakeFiles/cmTC_a8091.dir/src.cxx.o -c /home/yankai.yan/workbase/codeLib/refactor/build/CMakeFiles/CMakeTmp/src.cxx
Linking CXX executable cmTC_a8091
/usr/local/bin/cmake -E cmake_link_script CMakeFiles/cmTC_a8091.dir/link.txt --verbose=1
/usr/bin/c++  -fpic  -rdynamic CMakeFiles/cmTC_a8091.dir/src.cxx.o -o cmTC_a8091 
make[1]: Leaving directory '/home/yankai.yan/workbase/codeLib/refactor/build/CMakeFiles/CMakeTmp'


Source file was:

#include <cstdlib>
#include <time.h>
int main()
{
    time_t timep;
    struct tm result;
    localtime_r(&timep, &result);
    return EXIT_SUCCESS;
}

